[2026-04-11T15:32:17Z] === ENRICH ITERATION 5 START | repo=rubocop-hq/rubocop sha=af802664 ===
[2026-04-11T15:32:17Z] [iter=5] PHASE START: enrich repo=rubocop-hq/rubocop sha=af802664 runlog=/home/runner/work/forx/forx/storage/aggregate/lsp/logs/af802664-enrich-iter-005.log output=/home/runner/work/forx/forx/storage/aggregate/lsp/af8026643d436c4570bf7063a7475e2cad95fd49.nq.gz
[2026-04-11T15:32:28Z] [iter=5] Step 1: Loading AST into disk-backed store mem_mb=77 MB
[2026-04-11T15:33:25Z] [iter=5] AST store loaded triples=5962817 load_secs=55 mem_mb=1058 MB
[2026-04-11T15:33:25Z] [iter=5] Step 2: Finding LSP targets mem_mb=1058 MB
[2026-04-11T15:34:03Z] [iter=5] LSP targets found call_sites=110635 imports=0 extends=0 implements=0 secs=38
[2026-04-11T15:34:13Z] [iter=5] Loaded checkpoint partial graph triples=221447
[2026-04-11T15:34:45Z] [iter=5] Step 2.7: Building position index (one-shot, shared across resolvers) mem_mb=1084 MB
[2026-04-11T15:35:25Z] [iter=5] Position index built positions=361286 nodes_with_types=479789 secs=39 mem_mb=1759 MB
[2026-04-11T15:35:25Z] [iter=5] Step 3: Starting LSP resolution mem_mb=1759 MB already_completed_types=[] already_completed_files=918
[2026-04-11T15:35:25Z] [iter=5] Resolving target type target_type=call_site count=110635
[2026-04-11T15:35:26Z] [iter=5] HEARTBEAT target_type=call_site elapsed_min=3.2 files_done=0 resolved=0 errors=0 current=lib/rubocop/cop/lint/literal_as_condition.rb
[2026-04-11T15:43:04Z] [iter=5] HEARTBEAT target_type=call_site elapsed_min=10.8 files_done=1 resolved=1 errors=183 current=spec/rubocop/cop/style/variable_interpolation_spec.rb
[2026-04-11T15:43:58Z] [iter=5] HEARTBEAT target_type=call_site elapsed_min=11.7 files_done=5 resolved=5 errors=205 current=spec/rubocop/cop/style/invertible_unless_condition_spec.rb
[2026-04-11T15:46:29Z] [iter=5] HEARTBEAT target_type=call_site elapsed_min=14.2 files_done=7 resolved=8 errors=267 current=lib/rubocop/cop/style/empty_literal.rb
[2026-04-11T15:48:06Z] [iter=5] HEARTBEAT target_type=call_site elapsed_min=15.8 files_done=8 resolved=31 errors=307 current=spec/rubocop/cop/layout/multiline_hash_key_line_breaks_spec.rb
[2026-04-11T15:49:17Z] [iter=5] HEARTBEAT target_type=call_site elapsed_min=17.0 files_done=10 resolved=34 errors=336 current=spec/support/cops/module_must_be_a_class_cop.rb
[2026-04-11T15:51:05Z] [iter=5] HEARTBEAT target_type=call_site elapsed_min=18.8 files_done=12 resolved=36 errors=380 current=lib/rubocop/cop/style/redundant_regexp_constructor.rb
[2026-04-11T15:52:26Z] [iter=5] HEARTBEAT target_type=call_site elapsed_min=20.1 files_done=14 resolved=62 errors=413 current=lib/rubocop/cop/correctors/percent_literal_corrector.rb
[2026-04-11T15:54:44Z] [iter=5] HEARTBEAT target_type=call_site elapsed_min=22.5 files_done=15 resolved=64 errors=470 current=lib/rubocop/cop/layout/empty_line_after_multiline_condition.rb
[2026-04-11T15:56:44Z] [iter=5] HEARTBEAT target_type=call_site elapsed_min=24.4 files_done=16 resolved=67 errors=519 current=spec/rubocop/cop/lint/redundant_dir_glob_sort_spec.rb
[2026-04-11T15:58:39Z] [iter=5] HEARTBEAT target_type=call_site elapsed_min=26.4 files_done=20 resolved=71 errors=566 current=lib/rubocop/formatter/junit_formatter.rb
[2026-04-11T16:00:28Z] [iter=5] HEARTBEAT target_type=call_site elapsed_min=28.2 files_done=21 resolved=86 errors=610 current=spec/rubocop/cop/style/one_line_conditional_spec.rb
[2026-04-11T16:02:02Z] [iter=5] HEARTBEAT target_type=call_site elapsed_min=29.8 files_done=24 resolved=111 errors=648 current=lib/rubocop/cop/lint/incompatible_io_select_with_fiber_scheduler.rb
[2026-04-11T16:03:06Z] [iter=5] HEARTBEAT target_type=call_site elapsed_min=30.8 files_done=25 resolved=115 errors=674 current=lib/rubocop/cop/correctors/parentheses_corrector.rb
[2026-04-11T16:05:39Z] [iter=5] HEARTBEAT target_type=call_site elapsed_min=33.4 files_done=26 resolved=116 errors=736 current=lib/rubocop/cop/style/empty_lambda_parameter.rb
[2026-04-11T16:06:12Z] [iter=5] HEARTBEAT target_type=call_site elapsed_min=33.9 files_done=27 resolved=119 errors=749 current=spec/rubocop/cop/lint/duplicate_regexp_character_class_element_spec.rb
[2026-04-11T16:07:33Z] [iter=5] HEARTBEAT target_type=call_site elapsed_min=35.3 files_done=32 resolved=120 errors=782 current=spec/rubocop/cop/layout/space_after_semicolon_spec.rb
[2026-04-11T16:08:06Z] [iter=5] HEARTBEAT target_type=call_site elapsed_min=35.8 files_done=36 resolved=123 errors=795 current=spec/rubocop/cop/style/redundant_fetch_block_spec.rb
[2026-04-11T16:08:56Z] [iter=5] HEARTBEAT target_type=call_site elapsed_min=36.6 files_done=38 resolved=126 errors=815 current=lib/rubocop/cop/style/command_literal.rb
[2026-04-11T16:10:36Z] [iter=5] HEARTBEAT target_type=call_site elapsed_min=38.3 files_done=39 resolved=128 errors=856 current=lib/rubocop/config_obsoletion/parameter_rule.rb
[2026-04-11T16:12:48Z] [iter=5] HEARTBEAT target_type=call_site elapsed_min=40.5 files_done=44 resolved=131 errors=910 current=lib/rubocop/cop/lint/mixed_case_range.rb
[2026-04-11T16:15:04Z] [iter=5] HEARTBEAT target_type=call_site elapsed_min=42.8 files_done=45 resolved=133 errors=966 current=spec/rubocop/cop/internal_affairs/redundant_location_argument_spec.rb
[2026-04-11T16:15:48Z] [iter=5] HEARTBEAT target_type=call_site elapsed_min=43.5 files_done=47 resolved=137 errors=984 current=lib/rubocop/cop/layout/first_array_element_indentation.rb
[2026-04-11T16:16:52Z] [iter=5] HEARTBEAT target_type=call_site elapsed_min=44.6 files_done=48 resolved=142 errors=1010 current=lib/rubocop/pending_cops_reporter.rb
[2026-04-11T16:17:26Z] [iter=5] HEARTBEAT target_type=call_site elapsed_min=45.2 files_done=49 resolved=147 errors=1024 current=lib/rubocop/cop/style/redundant_file_extension_in_require.rb
[2026-04-11T16:18:13Z] [iter=5] HEARTBEAT target_type=call_site elapsed_min=45.9 files_done=51 resolved=157 errors=1043 current=lib/rubocop/yaml_duplication_checker.rb
[2026-04-11T16:21:14Z] [iter=5] HEARTBEAT target_type=call_site elapsed_min=49.0 files_done=54 resolved=159 errors=1117 current=tasks/check_commit.rake
[2026-04-11T16:21:51Z] [iter=5] HEARTBEAT target_type=call_site elapsed_min=49.6 files_done=55 resolved=163 errors=1132 current=lib/rubocop/cop/style/redundant_struct_keyword_init.rb
[2026-04-11T16:23:06Z] [iter=5] HEARTBEAT target_type=call_site elapsed_min=50.8 files_done=56 resolved=174 errors=1163 current=lib/rubocop/cop/internal_affairs/useless_message_assertion.rb
[2026-04-11T16:24:09Z] [iter=5] HEARTBEAT target_type=call_site elapsed_min=51.9 files_done=59 resolved=186 errors=1188 current=lib/rubocop/cop/internal_affairs/node_pattern_groups/ast_processor.rb
[2026-04-11T16:24:44Z] [iter=5] HEARTBEAT target_type=call_site elapsed_min=52.5 files_done=60 resolved=188 errors=1202 current=spec/rubocop/cop/lint/implicit_string_concatenation_spec.rb
[2026-04-11T16:25:56Z] [iter=5] HEARTBEAT target_type=call_site elapsed_min=53.6 files_done=62 resolved=192 errors=1231 current=spec/rubocop/cop/style/optional_arguments_spec.rb
[2026-04-11T16:26:28Z] [iter=5] HEARTBEAT target_type=call_site elapsed_min=54.2 files_done=64 resolved=196 errors=1244 current=lib/rubocop/cop/layout/space_inside_hash_literal_braces.rb
[2026-04-11T16:29:13Z] [iter=5] HEARTBEAT target_type=call_site elapsed_min=56.9 files_done=65 resolved=202 errors=1312 current=lib/rubocop/cop/lint/useless_ruby2_keywords.rb
[2026-04-11T16:30:24Z] [iter=5] HEARTBEAT target_type=call_site elapsed_min=58.1 files_done=66 resolved=206 errors=1341 current=spec/rubocop/cop/style/map_join_spec.rb
[2026-04-11T16:31:24Z] [iter=5] HEARTBEAT target_type=call_site elapsed_min=59.1 files_done=70 resolved=223 errors=1365 current=lib/rubocop/cop/internal_affairs/style_detected_api_use.rb
[2026-04-11T16:33:37Z] [iter=5] HEARTBEAT target_type=call_site elapsed_min=61.3 files_done=73 resolved=245 errors=1419 current=spec/rubocop/cop/layout/space_around_method_call_operator_spec.rb
[2026-04-11T16:35:08Z] [iter=5] HEARTBEAT target_type=call_site elapsed_min=62.9 files_done=75 resolved=247 errors=1456 current=spec/rubocop/cop/lint/it_without_arguments_in_block_spec.rb
[2026-04-11T16:36:03Z] [iter=5] HEARTBEAT target_type=call_site elapsed_min=63.8 files_done=77 resolved=255 errors=1478 current=lib/rubocop/cop/style/trailing_comma_in_array_literal.rb
[2026-04-11T16:37:33Z] [iter=5] HEARTBEAT target_type=call_site elapsed_min=65.3 files_done=79 resolved=270 errors=1515 current=spec/rubocop/cop/style/slicing_with_range_spec.rb
[2026-04-11T16:39:23Z] [iter=5] HEARTBEAT target_type=call_site elapsed_min=67.1 files_done=81 resolved=275 errors=1560 current=spec/rubocop/cop/style/one_class_per_file_spec.rb
[2026-04-11T16:42:14Z] [iter=5] HEARTBEAT target_type=call_site elapsed_min=70.0 files_done=85 resolved=279 errors=1630 current=spec/rubocop/cop/lint/unified_integer_spec.rb
[2026-04-11T16:42:59Z] [iter=5] HEARTBEAT target_type=call_site elapsed_min=70.7 files_done=89 resolved=300 errors=1648 current=spec/rubocop/cop/style/negated_if_else_condition_spec.rb
[2026-04-11T16:44:16Z] [iter=5] HEARTBEAT target_type=call_site elapsed_min=72.0 files_done=93 resolved=312 errors=1679 current=lib/rubocop/cop/mixin/ordered_gem_node.rb
[2026-04-11T16:45:07Z] [iter=5] HEARTBEAT target_type=call_site elapsed_min=72.8 files_done=94 resolved=313 errors=1700 current=spec/rubocop/cop/lint/redundant_string_coercion_spec.rb
[2026-04-11T16:46:35Z] [iter=5] HEARTBEAT target_type=call_site elapsed_min=74.3 files_done=96 resolved=316 errors=1736 current=lib/rubocop/version.rb
[2026-04-11T16:48:29Z] [iter=5] HEARTBEAT target_type=call_site elapsed_min=76.2 files_done=97 resolved=318 errors=1783 current=spec/rubocop/cop/style/redundant_initialize_spec.rb
[2026-04-11T16:49:13Z] [iter=5] HEARTBEAT target_type=call_site elapsed_min=76.9 files_done=99 resolved=321 errors=1801 current=spec/rubocop/cop/style/ip_addresses_spec.rb
[2026-04-11T16:49:55Z] [iter=5] HEARTBEAT target_type=call_site elapsed_min=77.6 files_done=101 resolved=327 errors=1818 current=lib/rubocop/cop/style/missing_respond_to_missing.rb
[2026-04-11T16:51:18Z] [iter=5] HEARTBEAT target_type=call_site elapsed_min=79.0 files_done=103 resolved=327 errors=1852 current=spec/rubocop/cop/style/empty_method_spec.rb
[2026-04-11T16:52:23Z] [iter=5] HEARTBEAT target_type=call_site elapsed_min=80.1 files_done=107 resolved=363 errors=1878 current=spec/rubocop/cop/lint/rescue_exception_spec.rb
[2026-04-11T16:53:41Z] [iter=5] HEARTBEAT target_type=call_site elapsed_min=81.4 files_done=109 resolved=367 errors=1910 current=lib/rubocop/cop/style/nil_lambda.rb
[2026-04-11T16:54:13Z] [iter=5] HEARTBEAT target_type=call_site elapsed_min=81.9 files_done=110 resolved=372 errors=1923 current=lib/rubocop/cop/mixin/integer_node.rb
[2026-04-11T16:58:01Z] [iter=5] HEARTBEAT target_type=call_site elapsed_min=85.7 files_done=113 resolved=372 errors=2017 current=spec/rubocop/cop/lint/unexpected_block_arity_spec.rb
[2026-04-11T16:58:58Z] [iter=5] HEARTBEAT target_type=call_site elapsed_min=86.7 files_done=116 resolved=378 errors=2040 current=lib/rubocop/cop/lint/useless_access_modifier.rb
[2026-04-11T17:01:34Z] [iter=5] HEARTBEAT target_type=call_site elapsed_min=89.3 files_done=117 resolved=395 errors=2104 current=lib/rubocop/cop/style/document_dynamic_eval_definition.rb
[2026-04-11T17:04:00Z] [iter=5] HEARTBEAT target_type=call_site elapsed_min=91.7 files_done=118 resolved=397 errors=2164 current=lib/rubocop/cop/lint/redundant_dir_glob_sort.rb
[2026-04-11T17:04:49Z] [iter=5] HEARTBEAT target_type=call_site elapsed_min=92.5 files_done=119 resolved=399 errors=2184 current=lib/rubocop/cop/lint/duplicate_set_element.rb
[2026-04-11T17:05:30Z] [iter=5] HEARTBEAT target_type=call_site elapsed_min=93.2 files_done=120 resolved=403 errors=2201 current=lib/rubocop/cop/style/nested_ternary_operator.rb
[2026-04-11T17:06:34Z] [iter=5] HEARTBEAT target_type=call_site elapsed_min=94.3 files_done=121 resolved=405 errors=2227 current=spec/rubocop/cop/style/multiline_block_chain_spec.rb
[2026-04-11T17:07:13Z] [iter=5] HEARTBEAT target_type=call_site elapsed_min=94.9 files_done=123 resolved=415 errors=2243 current=spec/rubocop/cop/security/eval_spec.rb
[2026-04-11T17:07:58Z] [iter=5] HEARTBEAT target_type=call_site elapsed_min=95.7 files_done=126 resolved=429 errors=2261 current=spec/rubocop/cop/internal_affairs/inherit_deprecated_cop_class_spec.rb
[2026-04-11T17:08:34Z] [iter=5] HEARTBEAT target_type=call_site elapsed_min=96.3 files_done=128 resolved=435 errors=2276 current=spec/rubocop/cop/style/line_end_concatenation_spec.rb
[2026-04-11T17:09:09Z] [iter=5] HEARTBEAT target_type=call_site elapsed_min=96.9 files_done=131 resolved=466 errors=2290 current=lib/rubocop/server/client_command/start.rb
[2026-04-11T17:09:41Z] [iter=5] HEARTBEAT target_type=call_site elapsed_min=97.4 files_done=133 resolved=473 errors=2303 current=lib/rubocop/cop/layout/first_hash_element_line_break.rb
[2026-04-11T17:10:15Z] [iter=5] HEARTBEAT target_type=call_site elapsed_min=98.0 files_done=135 resolved=475 errors=2317 current=spec/support/mcp_helper.rb
[2026-04-11T17:10:49Z] [iter=5] HEARTBEAT target_type=call_site elapsed_min=98.5 files_done=138 resolved=480 errors=2330 current=lib/rubocop/cop/mixin/parentheses.rb
[2026-04-11T17:13:49Z] [iter=5] HEARTBEAT target_type=call_site elapsed_min=101.5 files_done=143 resolved=481 errors=2404 current=lib/rubocop/string_interpreter.rb
[2026-04-11T17:16:01Z] [iter=5] HEARTBEAT target_type=call_site elapsed_min=103.7 files_done=146 resolved=486 errors=2458 current=lib/rubocop/cop/style/comment_annotation.rb
[2026-04-11T17:17:24Z] [iter=5] HEARTBEAT target_type=call_site elapsed_min=105.1 files_done=147 resolved=489 errors=2492 current=spec/rubocop/cop/style/proc_spec.rb
[2026-04-11T17:18:33Z] [iter=5] HEARTBEAT target_type=call_site elapsed_min=106.3 files_done=151 resolved=492 errors=2520 current=lib/rubocop/cop/lint/numeric_operation_with_constant_result.rb
[2026-04-11T17:21:36Z] [iter=5] HEARTBEAT target_type=call_site elapsed_min=109.3 files_done=153 resolved=502 errors=2595 current=spec/rubocop/cop/style/perl_backrefs_spec.rb
[2026-04-11T17:22:16Z] [iter=5] HEARTBEAT target_type=call_site elapsed_min=110.0 files_done=156 resolved=504 errors=2611 current=lib/rubocop/cop/internal_affairs/operator_keyword.rb
[2026-04-11T17:22:57Z] [iter=5] HEARTBEAT target_type=call_site elapsed_min=110.7 files_done=158 resolved=508 errors=2628 current=spec/rubocop/cop/layout/first_array_element_line_break_spec.rb
[2026-04-11T17:24:25Z] [iter=5] HEARTBEAT target_type=call_site elapsed_min=112.1 files_done=160 resolved=512 errors=2664 current=spec/rubocop/cop/style/file_write_spec.rb
[2026-04-11T17:25:05Z] [iter=5] HEARTBEAT target_type=call_site elapsed_min=112.8 files_done=162 resolved=514 errors=2680 current=lib/rubocop/cop/gemspec/require_mfa.rb
[2026-04-11T17:26:01Z] [iter=5] HEARTBEAT target_type=call_site elapsed_min=113.7 files_done=163 resolved=528 errors=2703 current=lib/rubocop/cop/style/exponential_notation.rb
[2026-04-11T17:26:35Z] [iter=5] HEARTBEAT target_type=call_site elapsed_min=114.3 files_done=164 resolved=529 errors=2717 current=spec/rubocop/cop/lint/ambiguous_range_spec.rb
[2026-04-11T17:27:40Z] [iter=5] HEARTBEAT target_type=call_site elapsed_min=115.4 files_done=170 resolved=556 errors=2743 current=spec/rubocop/cop/lint/raise_exception_spec.rb
[2026-04-11T17:29:15Z] [iter=5] HEARTBEAT target_type=call_site elapsed_min=117.0 files_done=172 resolved=563 errors=2782 current=spec/rubocop/cop/style/document_dynamic_eval_definition_spec.rb
[2026-04-11T17:30:26Z] [iter=5] HEARTBEAT target_type=call_site elapsed_min=118.1 files_done=175 resolved=566 errors=2811 current=lib/rubocop/cop/bundler/duplicated_gem.rb
[2026-04-11T17:31:41Z] [iter=5] HEARTBEAT target_type=call_site elapsed_min=119.4 files_done=176 resolved=573 errors=2842 current=spec/rubocop/cop/style/redundant_capital_w_spec.rb
[2026-04-11T17:32:19Z] [iter=5] HEARTBEAT target_type=call_site elapsed_min=120.0 files_done=179 resolved=575 errors=2857 current=lib/rubocop/cop/lint/non_atomic_file_operation.rb
[2026-04-11T17:35:21Z] [iter=5] HEARTBEAT target_type=call_site elapsed_min=123.1 files_done=180 resolved=589 errors=2932 current=spec/rubocop/cop/style/expand_path_arguments_spec.rb
[2026-04-11T17:36:46Z] [iter=5] HEARTBEAT target_type=call_site elapsed_min=124.5 files_done=182 resolved=597 errors=2967 current=lib/rubocop/cop/lint/empty_conditional_body.rb
[2026-04-11T17:39:36Z] [iter=5] HEARTBEAT target_type=call_site elapsed_min=127.3 files_done=183 resolved=600 errors=3037 current=spec/rubocop/cop/util_spec.rb
[2026-04-11T17:40:50Z] [iter=5] HEARTBEAT target_type=call_site elapsed_min=128.5 files_done=189 resolved=602 errors=3067 current=lib/rubocop/cop/layout/end_alignment.rb
[2026-04-11T17:43:25Z] [iter=5] HEARTBEAT target_type=call_site elapsed_min=131.1 files_done=190 resolved=606 errors=3131 current=lib/rubocop/cop/gemspec/ordered_dependencies.rb
[2026-04-11T17:43:57Z] [iter=5] HEARTBEAT target_type=call_site elapsed_min=131.7 files_done=191 resolved=612 errors=3144 current=lib/rubocop/cop/documentation.rb
[2026-04-11T17:44:41Z] [iter=5] HEARTBEAT target_type=call_site elapsed_min=132.4 files_done=192 resolved=613 errors=3162 current=lib/rubocop/cop/style/multiline_if_then.rb
[2026-04-11T17:45:20Z] [iter=5] HEARTBEAT target_type=call_site elapsed_min=133.1 files_done=193 resolved=617 errors=3178 current=lib/rubocop/cop/lint/constant_overwritten_in_rescue.rb
[2026-04-11T17:46:55Z] [iter=5] HEARTBEAT target_type=call_site elapsed_min=134.6 files_done=195 resolved=625 errors=3217 current=spec/rubocop/cop/layout/empty_lines_around_begin_body_spec.rb
[2026-04-11T17:48:21Z] [iter=5] HEARTBEAT target_type=call_site elapsed_min=136.1 files_done=197 resolved=627 errors=3252 current=spec/rubocop/cop/style/each_with_object_spec.rb
[2026-04-11T17:48:58Z] [iter=5] HEARTBEAT target_type=call_site elapsed_min=136.7 files_done=199 resolved=627 errors=3267 current=spec/rubocop/cop/style/nested_file_dirname_spec.rb
[2026-04-11T17:50:24Z] [iter=5] HEARTBEAT target_type=call_site elapsed_min=138.1 files_done=201 resolved=667 errors=3302 current=lib/rubocop/cop/style/and_or.rb
[2026-04-11T17:53:14Z] [iter=5] HEARTBEAT target_type=call_site elapsed_min=140.9 files_done=202 resolved=672 errors=3372 current=spec/rubocop/cop/naming/class_and_module_camel_case_spec.rb
[2026-04-11T17:54:54Z] [iter=5] HEARTBEAT target_type=call_site elapsed_min=142.6 files_done=206 resolved=680 errors=3413 current=lib/rubocop/config_loader.rb
[2026-04-11T17:57:16Z] [iter=5] HEARTBEAT target_type=call_site elapsed_min=145.0 files_done=207 resolved=724 errors=3471 current=spec/rubocop/cop/style/redundant_filter_chain_spec.rb
[2026-04-11T18:00:14Z] [iter=5] HEARTBEAT target_type=call_site elapsed_min=147.9 files_done=209 resolved=730 errors=3544 current=lib/rubocop/cop/style/ip_addresses.rb
[2026-04-11T18:01:23Z] [iter=5] HEARTBEAT target_type=call_site elapsed_min=149.1 files_done=211 resolved=742 errors=3572 current=spec/rubocop/cop/security/yaml_load_spec.rb
[2026-04-11T18:02:03Z] [iter=5] HEARTBEAT target_type=call_site elapsed_min=149.8 files_done=217 resolved=752 errors=3588 current=spec/rubocop/cop/lint/lambda_without_literal_block_spec.rb
[2026-04-11T18:03:00Z] [iter=5] HEARTBEAT target_type=call_site elapsed_min=150.7 files_done=223 resolved=755 errors=3611 current=lib/rubocop/cop/commissioner.rb
[2026-04-11T18:04:48Z] [iter=5] HEARTBEAT target_type=call_site elapsed_min=152.5 files_done=224 resolved=769 errors=3655 current=lib/rubocop/cop/lint/non_local_exit_from_iterator.rb
[2026-04-11T18:05:22Z] [iter=5] HEARTBEAT target_type=call_site elapsed_min=153.1 files_done=225 resolved=773 errors=3669 current=spec/rubocop/cop/lint/shadowed_exception_spec.rb
[2026-04-11T18:08:00Z] [iter=5] HEARTBEAT target_type=call_site elapsed_min=155.7 files_done=227 resolved=780 errors=3734 current=lib/rubocop/cop/metrics/block_length.rb
[2026-04-11T18:08:35Z] [iter=5] HEARTBEAT target_type=call_site elapsed_min=156.3 files_done=228 resolved=784 errors=3748 current=spec/rubocop/cop/style/accessor_grouping_spec.rb
[2026-04-11T18:09:17Z] [iter=5] HEARTBEAT target_type=call_site elapsed_min=157.0 files_done=231 resolved=784 errors=3765 current=tasks/changelog.rb
[2026-04-11T18:11:46Z] [iter=5] HEARTBEAT target_type=call_site elapsed_min=159.5 files_done=232 resolved=807 errors=3826 current=spec/rubocop/cop/lint/empty_conditional_body_spec.rb
[2026-04-11T18:14:12Z] [iter=5] HEARTBEAT target_type=call_site elapsed_min=161.9 files_done=234 resolved=818 errors=3886 current=lib/rubocop/cop/style/collection_querying.rb
[2026-04-11T18:15:13Z] [iter=5] HEARTBEAT target_type=call_site elapsed_min=162.9 files_done=235 resolved=823 errors=3911 current=spec/rubocop/cop/lint/incompatible_io_select_with_fiber_scheduler_spec.rb
[2026-04-11T18:15:51Z] [iter=5] HEARTBEAT target_type=call_site elapsed_min=163.6 files_done=240 resolved=826 errors=3926 current=spec/rubocop/cop/layout/initial_indentation_spec.rb
[2026-04-11T18:17:21Z] [iter=5] HEARTBEAT target_type=call_site elapsed_min=165.1 files_done=243 resolved=830 errors=3963 current=lib/rubocop/cop/style/redundant_double_splat_hash_braces.rb
[2026-04-11T18:20:28Z] [iter=5] HEARTBEAT target_type=call_site elapsed_min=168.2 files_done=244 resolved=831 errors=4040 current=lib/rubocop/cop/layout/parameter_alignment.rb
[2026-04-11T18:21:14Z] [iter=5] HEARTBEAT target_type=call_site elapsed_min=168.9 files_done=245 resolved=833 errors=4059 current=lib/rubocop/cop/lint/require_parentheses.rb
[2026-04-11T18:22:12Z] [iter=5] HEARTBEAT target_type=call_site elapsed_min=169.9 files_done=246 resolved=834 errors=4083 current=lib/rubocop/cop/style/redundant_array_constructor.rb
[2026-04-11T18:22:49Z] [iter=5] HEARTBEAT target_type=call_site elapsed_min=170.5 files_done=247 resolved=837 errors=4098 current=lib/rubocop/cop/mixin/preferred_delimiters.rb
[2026-04-11T18:24:12Z] [iter=5] HEARTBEAT target_type=call_site elapsed_min=171.9 files_done=249 resolved=857 errors=4132 current=lib/rubocop/cop/style/collection_compact.rb
[2026-04-11T18:25:30Z] [iter=5] HEARTBEAT target_type=call_site elapsed_min=173.2 files_done=250 resolved=874 errors=4164 current=lib/rubocop/cop/style/line_end_concatenation.rb
[2026-04-11T18:27:00Z] [iter=5] HEARTBEAT target_type=call_site elapsed_min=174.7 files_done=251 resolved=877 errors=4201 current=lib/rubocop/cop/bundler/ordered_gems.rb
[2026-04-11T18:28:26Z] [iter=5] HEARTBEAT target_type=call_site elapsed_min=176.1 files_done=254 resolved=890 errors=4236 current=lib/rubocop/config_obsoletion/changed_parameter.rb
[2026-04-11T18:29:13Z] [iter=5] HEARTBEAT target_type=call_site elapsed_min=176.9 files_done=257 resolved=891 errors=4255 current=spec/rubocop/cop/lint/empty_when_spec.rb
[2026-04-11T18:29:57Z] [iter=5] HEARTBEAT target_type=call_site elapsed_min=177.7 files_done=262 resolved=893 errors=4273 current=lib/rubocop/plugin/loader.rb
[2026-04-11T18:30:45Z] [iter=5] HEARTBEAT target_type=call_site elapsed_min=178.5 files_done=263 resolved=902 errors=4292 current=lib/rubocop/cop/style/method_def_parentheses.rb
[2026-04-11T18:32:10Z] [iter=5] HEARTBEAT target_type=call_site elapsed_min=179.9 files_done=264 resolved=905 errors=4327 current=spec/rubocop/cop/lint/literal_assignment_in_condition_spec.rb
[2026-04-11T18:33:02Z] [iter=5] HEARTBEAT target_type=call_site elapsed_min=180.8 files_done=267 resolved=907 errors=4347 current=lib/rubocop/cop/gemspec/development_dependencies.rb
[2026-04-11T18:33:44Z] [iter=5] HEARTBEAT target_type=call_site elapsed_min=181.5 files_done=270 resolved=917 errors=4364 current=spec/rubocop/cop/style/hash_like_case_spec.rb
[2026-04-11T18:34:36Z] [iter=5] HEARTBEAT target_type=call_site elapsed_min=182.3 files_done=272 resolved=918 errors=4385 current=spec/rubocop/cop/style/nested_modifier_spec.rb
[2026-04-11T18:35:48Z] [iter=5] HEARTBEAT target_type=call_site elapsed_min=183.5 files_done=276 resolved=920 errors=4414 current=lib/rubocop/cop/internal_affairs/cop_enabled.rb
[2026-04-11T18:37:10Z] [iter=5] HEARTBEAT target_type=call_site elapsed_min=184.9 files_done=278 resolved=934 errors=4448 current=lib/rubocop/cop/style/rescue_standard_error.rb
[2026-04-11T18:38:02Z] [iter=5] HEARTBEAT target_type=call_site elapsed_min=185.7 files_done=279 resolved=943 errors=4469 current=spec/rubocop/cop/style/explicit_block_argument_spec.rb
[2026-04-11T18:38:36Z] [iter=5] HEARTBEAT target_type=call_site elapsed_min=186.3 files_done=281 resolved=952 errors=4483 current=spec/rubocop/cop/layout/parameter_alignment_spec.rb
[2026-04-11T18:39:40Z] [iter=5] HEARTBEAT target_type=call_site elapsed_min=187.4 files_done=284 resolved=956 errors=4509 current=spec/rubocop/cop/style/trailing_body_on_module_spec.rb
[2026-04-11T18:41:13Z] [iter=5] HEARTBEAT target_type=call_site elapsed_min=188.9 files_done=286 resolved=962 errors=4547 current=lib/rubocop/cop/style/unpack_first.rb
[2026-04-11T18:42:00Z] [iter=5] HEARTBEAT target_type=call_site elapsed_min=189.7 files_done=287 resolved=967 errors=4566 current=spec/rubocop/cop/lint/empty_block_spec.rb
[2026-04-11T18:43:08Z] [iter=5] HEARTBEAT target_type=call_site elapsed_min=190.9 files_done=289 resolved=971 errors=4594 current=lib/rubocop/cop/lint/unexpected_block_arity.rb
[2026-04-11T18:43:57Z] [iter=5] HEARTBEAT target_type=call_site elapsed_min=191.7 files_done=290 resolved=972 errors=4614 current=spec/rubocop/cop/layout/multiline_method_definition_brace_layout_spec.rb
[2026-04-11T18:45:52Z] [iter=5] HEARTBEAT target_type=call_site elapsed_min=193.6 files_done=293 resolved=975 errors=4661 current=spec/rubocop/cop/gemspec/deprecated_attribute_assignment_spec.rb
[2026-04-11T18:47:29Z] [iter=5] HEARTBEAT target_type=call_site elapsed_min=195.2 files_done=296 resolved=976 errors=4701 current=lib/rubocop/formatter/tap_formatter.rb
[2026-04-11T18:48:43Z] [iter=5] HEARTBEAT target_type=call_site elapsed_min=196.4 files_done=297 resolved=985 errors=4731 current=lib/rubocop/cop/style/redundant_capital_w.rb
[2026-04-11T18:49:19Z] [iter=5] HEARTBEAT target_type=call_site elapsed_min=197.0 files_done=298 resolved=987 errors=4746 current=lib/rubocop/cli/command/execute_runner.rb
[2026-04-11T18:50:13Z] [iter=5] HEARTBEAT target_type=call_site elapsed_min=197.9 files_done=299 resolved=998 errors=4768 current=lib/rubocop/cop/style/string_literals.rb
[2026-04-11T18:51:48Z] [iter=5] HEARTBEAT target_type=call_site elapsed_min=199.5 files_done=300 resolved=1002 errors=4807 current=lib/rubocop/cop/internal_affairs/method_name_end_with.rb
[2026-04-11T18:52:22Z] [iter=5] HEARTBEAT target_type=call_site elapsed_min=200.1 files_done=301 resolved=1007 errors=4821 current=lib/rubocop/cop/lint/ambiguous_operator_precedence.rb
[2026-04-11T18:53:30Z] [iter=5] HEARTBEAT target_type=call_site elapsed_min=201.2 files_done=302 resolved=1008 errors=4849 current=spec/isolated_environment_spec.rb
[2026-04-11T18:54:34Z] [iter=5] HEARTBEAT target_type=call_site elapsed_min=202.3 files_done=304 resolved=1017 errors=4875 current=spec/rubocop/cop/lint/nested_percent_literal_spec.rb
[2026-04-11T18:55:09Z] [iter=5] HEARTBEAT target_type=call_site elapsed_min=202.9 files_done=308 resolved=1029 errors=4889 current=lib/rubocop/cop/style/hash_lookup_method.rb
[2026-04-11T18:56:21Z] [iter=5] HEARTBEAT target_type=call_site elapsed_min=204.1 files_done=309 resolved=1032 errors=4919 current=lib/rubocop/cop/layout/space_after_colon.rb
[2026-04-11T18:57:03Z] [iter=5] HEARTBEAT target_type=call_site elapsed_min=204.8 files_done=310 resolved=1033 errors=4936 current=spec/rubocop/rspec/expect_offense_spec.rb
[2026-04-11T18:57:49Z] [iter=5] HEARTBEAT target_type=call_site elapsed_min=205.5 files_done=312 resolved=1038 errors=4955 current=spec/rubocop/cop/visibility_help_spec.rb
[2026-04-11T18:58:21Z] [iter=5] HEARTBEAT target_type=call_site elapsed_min=206.1 files_done=315 resolved=1040 errors=4968 current=spec/rubocop/cop/style/redundant_struct_keyword_init_spec.rb
[2026-04-11T18:59:25Z] [iter=5] HEARTBEAT target_type=call_site elapsed_min=207.1 files_done=317 resolved=1046 errors=4994 current=lib/rubocop/cop/mixin/string_help.rb
[2026-04-11T19:01:03Z] [iter=5] HEARTBEAT target_type=call_site elapsed_min=208.8 files_done=320 resolved=1054 errors=5034 current=lib/rubocop/cop/style/single_line_block_params.rb
[2026-04-11T19:02:55Z] [iter=5] HEARTBEAT target_type=call_site elapsed_min=210.6 files_done=321 resolved=1056 errors=5080 current=spec/rubocop/cop/style/trailing_method_end_statement_spec.rb
[2026-04-11T19:04:15Z] [iter=5] HEARTBEAT target_type=call_site elapsed_min=212.0 files_done=323 resolved=1068 errors=5113 current=spec/rubocop/cop/style/string_literals_in_interpolation_spec.rb
[2026-04-11T19:05:07Z] [iter=5] HEARTBEAT target_type=call_site elapsed_min=212.8 files_done=326 resolved=1073 errors=5134 current=spec/rubocop/cop/lint/constant_definition_in_block_spec.rb
[2026-04-11T19:06:07Z] [iter=5] HEARTBEAT target_type=call_site elapsed_min=213.8 files_done=332 resolved=1082 errors=5158 current=lib/rubocop/cop/style/top_level_method_definition.rb
[2026-04-11T19:06:49Z] [iter=5] HEARTBEAT target_type=call_site elapsed_min=214.5 files_done=334 resolved=1085 errors=5175 current=spec/rubocop/cop/lint/ambiguous_block_association_spec.rb
[2026-04-11T19:07:48Z] [iter=5] HEARTBEAT target_type=call_site elapsed_min=215.5 files_done=336 resolved=1090 errors=5199 current=lib/rubocop/cop/style/safe_navigation_chain_length.rb
[2026-04-11T19:08:37Z] [iter=5] HEARTBEAT target_type=call_site elapsed_min=216.3 files_done=343 resolved=1092 errors=5219 current=lib/rubocop/cop/style/hash_transform_values.rb
[2026-04-11T19:09:19Z] [iter=5] HEARTBEAT target_type=call_site elapsed_min=217.0 files_done=345 resolved=1107 errors=5236 current=lib/rubocop/cop/style/multiple_comparison.rb
[2026-04-11T19:11:16Z] [iter=5] HEARTBEAT target_type=call_site elapsed_min=219.0 files_done=346 resolved=1115 errors=5284 current=spec/rubocop/cop/lint/unreachable_pattern_branch_spec.rb
[2026-04-11T19:13:11Z] [iter=5] HEARTBEAT target_type=call_site elapsed_min=220.9 files_done=348 resolved=1136 errors=5331 current=spec/rubocop/cop/style/redundant_array_constructor_spec.rb
[2026-04-11T19:13:50Z] [iter=5] HEARTBEAT target_type=call_site elapsed_min=221.6 files_done=350 resolved=1138 errors=5347 current=lib/rubocop/cop/security/open.rb
[2026-04-11T19:14:45Z] [iter=5] HEARTBEAT target_type=call_site elapsed_min=222.5 files_done=351 resolved=1141 errors=5369 current=spec/rubocop/cop/style/case_equality_spec.rb
[2026-04-11T19:16:04Z] [iter=5] HEARTBEAT target_type=call_site elapsed_min=223.8 files_done=354 resolved=1168 errors=5401 current=spec/rubocop/cop/lint/triple_quotes_spec.rb
[2026-04-11T19:16:58Z] [iter=5] HEARTBEAT target_type=call_site elapsed_min=224.7 files_done=358 resolved=1169 errors=5423 current=spec/rubocop/cop/style/rescue_modifier_spec.rb
[2026-04-11T19:17:53Z] [iter=5] HEARTBEAT target_type=call_site elapsed_min=225.6 files_done=361 resolved=1175 errors=5445 current=lib/rubocop/cop/style/it_block_parameter.rb
[2026-04-11T19:19:01Z] [iter=5] HEARTBEAT target_type=call_site elapsed_min=226.7 files_done=362 resolved=1178 errors=5473 current=lib/rubocop/cop/style/hash_as_last_array_item.rb
[2026-04-11T19:21:05Z] [iter=5] HEARTBEAT target_type=call_site elapsed_min=228.8 files_done=363 resolved=1181 errors=5524 current=lib/rubocop/cop/layout/space_inside_array_literal_brackets.rb
[2026-04-11T19:24:06Z] [iter=5] HEARTBEAT target_type=call_site elapsed_min=231.8 files_done=364 resolved=1184 errors=5599 current=spec/rubocop/cop/lint/data_define_override_spec.rb
[2026-04-11T19:25:08Z] [iter=5] HEARTBEAT target_type=call_site elapsed_min=232.9 files_done=367 resolved=1193 errors=5624 current=lib/rubocop/cop/lint/big_decimal_new.rb
[2026-04-11T19:26:39Z] [iter=5] HEARTBEAT target_type=call_site elapsed_min=234.4 files_done=371 resolved=1202 errors=5661 current=spec/rubocop/cop/layout/condition_position_spec.rb
[2026-04-11T19:28:16Z] [iter=5] HEARTBEAT target_type=call_site elapsed_min=236.0 files_done=375 resolved=1204 errors=5700 current=lib/rubocop/cop/lint/unused_method_argument.rb
[2026-04-11T19:29:29Z] [iter=5] HEARTBEAT target_type=call_site elapsed_min=237.2 files_done=376 resolved=1209 errors=5730 current=spec/rubocop/cop/style/method_called_on_do_end_block_spec.rb
[2026-04-11T19:31:43Z] [iter=5] HEARTBEAT target_type=call_site elapsed_min=239.4 files_done=378 resolved=1217 errors=5785 current=spec/rubocop/cop/lint/return_in_void_context_spec.rb
[2026-04-11T19:32:16Z] [iter=5] HEARTBEAT target_type=call_site elapsed_min=240.0 files_done=380 resolved=1224 errors=5798 current=spec/rubocop/cop/style/global_std_stream_spec.rb
[2026-04-11T19:32:36Z] [iter=5] CHECKPOINT TRIGGERED elapsed_min=240.3 files_completed=1299 new_files_this_iter=381 mem_mb=1761 MB
[2026-04-11T19:32:36Z] [iter=5] Writing partial enrichment graph path=/home/runner/work/forx/forx/storage/aggregate/lsp/af8026643d436c4570bf7063a7475e2cad95fd49.nq.gz triples=266028
[2026-04-11T19:32:42Z] [iter=5] Checkpoint written, exiting with code 7
[2026-04-11T19:32:42Z] [iter=5] PHASE END: enrich (checkpointed) elapsed_s=14419 elapsed_min=240.3 files_completed=1299
