[2026-04-11T02:49:36Z] === ENRICH ITERATION 2 START | repo=rubocop-hq/rubocop sha=af802664 ===
[2026-04-11T02:49:36Z] [iter=2] PHASE START: enrich repo=rubocop-hq/rubocop sha=af802664 runlog=/home/runner/work/forx/forx/storage/aggregate/lsp/logs/af802664-enrich-iter-002.log output=/home/runner/work/forx/forx/storage/aggregate/lsp/af8026643d436c4570bf7063a7475e2cad95fd49.nq.gz
[2026-04-11T02:49:45Z] [iter=2] Step 1: Loading AST into disk-backed store mem_mb=77 MB
[2026-04-11T02:50:40Z] [iter=2] AST store loaded triples=5962817 load_secs=53 mem_mb=1064 MB
[2026-04-11T02:50:40Z] [iter=2] Step 2: Finding LSP targets mem_mb=1064 MB
[2026-04-11T02:51:15Z] [iter=2] LSP targets found call_sites=110635 imports=0 extends=0 implements=0 secs=35
[2026-04-11T02:51:18Z] [iter=2] Loaded checkpoint partial graph triples=64704
[2026-04-11T02:51:48Z] [iter=2] Step 2.7: Building position index (one-shot, shared across resolvers) mem_mb=1064 MB
[2026-04-11T02:52:25Z] [iter=2] Position index built positions=361286 nodes_with_types=479789 secs=37 mem_mb=1273 MB
[2026-04-11T02:52:25Z] [iter=2] Step 3: Starting LSP resolution mem_mb=1273 MB already_completed_types=[] already_completed_files=166
[2026-04-11T02:52:25Z] [iter=2] Resolving target type target_type=call_site count=110635
[2026-04-11T02:52:26Z] [iter=2] HEARTBEAT target_type=call_site elapsed_min=2.8 files_done=0 resolved=0 errors=0 current=lib/rubocop/cop/style/arguments_forwarding.rb
[2026-04-11T02:58:29Z] [iter=2] HEARTBEAT target_type=call_site elapsed_min=8.9 files_done=1 resolved=8 errors=151 current=spec/rubocop/cop/style/hash_transform_values_spec.rb
[2026-04-11T02:59:29Z] [iter=2] HEARTBEAT target_type=call_site elapsed_min=9.9 files_done=3 resolved=10 errors=176 current=spec/rubocop/cop/lint/unused_method_argument_spec.rb
[2026-04-11T03:03:06Z] [iter=2] HEARTBEAT target_type=call_site elapsed_min=13.5 files_done=5 resolved=14 errors=269 current=spec/rubocop/cop/style/format_string_token_spec.rb
[2026-04-11T03:04:31Z] [iter=2] HEARTBEAT target_type=call_site elapsed_min=14.9 files_done=7 resolved=28 errors=305 current=spec/rubocop/cop/style/guard_clause_spec.rb
[2026-04-11T03:06:58Z] [iter=2] HEARTBEAT target_type=call_site elapsed_min=17.4 files_done=9 resolved=43 errors=368 current=spec/rubocop/cop/layout/indentation_width_spec.rb
[2026-04-11T03:08:12Z] [iter=2] HEARTBEAT target_type=call_site elapsed_min=18.6 files_done=16 resolved=43 errors=394 current=lib/rubocop/cop/layout/first_parameter_indentation.rb
[2026-04-11T03:08:46Z] [iter=2] HEARTBEAT target_type=call_site elapsed_min=19.2 files_done=17 resolved=48 errors=409 current=spec/rubocop/cop/naming/block_parameter_name_spec.rb
[2026-04-11T03:09:17Z] [iter=2] HEARTBEAT target_type=call_site elapsed_min=19.7 files_done=19 resolved=58 errors=422 current=spec/rubocop/cop/style/method_call_with_args_parentheses_spec.rb
[2026-04-11T03:11:55Z] [iter=2] HEARTBEAT target_type=call_site elapsed_min=22.3 files_done=21 resolved=98 errors=482 current=spec/rubocop/cop/lint/useless_access_modifier_spec.rb
[2026-04-11T03:13:15Z] [iter=2] HEARTBEAT target_type=call_site elapsed_min=23.6 files_done=24 resolved=103 errors=514 current=spec/rubocop/cop/style/conditional_assignment_assign_to_condition_spec.rb
[2026-04-11T03:14:35Z] [iter=2] HEARTBEAT target_type=call_site elapsed_min=25.0 files_done=28 resolved=117 errors=543 current=spec/rubocop/cop/lint/suppressed_exception_in_number_conversion_spec.rb
[2026-04-11T03:27:05Z] [iter=2] HEARTBEAT target_type=call_site elapsed_min=37.5 files_done=35 resolved=139 errors=859 current=spec/rubocop/cop/metrics/utils/abc_size_calculator_spec.rb
[2026-04-11T03:28:03Z] [iter=2] HEARTBEAT target_type=call_site elapsed_min=38.4 files_done=39 resolved=143 errors=883 current=lib/rubocop/cop/mixin/array_min_size.rb
[2026-04-11T03:30:10Z] [iter=2] HEARTBEAT target_type=call_site elapsed_min=40.6 files_done=41 resolved=151 errors=938 current=spec/rubocop/cop/layout/space_inside_array_percent_literal_spec.rb
[2026-04-11T03:30:59Z] [iter=2] HEARTBEAT target_type=call_site elapsed_min=41.4 files_done=43 resolved=153 errors=959 current=spec/rubocop/cop/style/array_intersect_spec.rb
[2026-04-11T03:33:30Z] [iter=2] HEARTBEAT target_type=call_site elapsed_min=43.9 files_done=46 resolved=155 errors=1024 current=lib/rubocop/cop/bundler/gem_filename.rb
[2026-04-11T03:34:09Z] [iter=2] HEARTBEAT target_type=call_site elapsed_min=44.6 files_done=47 resolved=159 errors=1041 current=spec/support/empty_lines_around_body_shared_examples.rb
[2026-04-11T03:35:22Z] [iter=2] HEARTBEAT target_type=call_site elapsed_min=45.8 files_done=50 resolved=161 errors=1072 current=lib/rubocop/cop/style/parallel_assignment.rb
[2026-04-11T03:40:01Z] [iter=2] HEARTBEAT target_type=call_site elapsed_min=50.4 files_done=51 resolved=185 errors=1193 current=spec/rubocop/config_obsoletion_spec.rb
[2026-04-11T03:42:34Z] [iter=2] HEARTBEAT target_type=call_site elapsed_min=53.0 files_done=53 resolved=199 errors=1258 current=spec/rubocop/cop/style/top_level_method_definition_spec.rb
[2026-04-11T03:45:31Z] [iter=2] HEARTBEAT target_type=call_site elapsed_min=55.9 files_done=61 resolved=204 errors=1331 current=spec/rubocop/cop/layout/dot_position_spec.rb
[2026-04-11T03:46:09Z] [iter=2] HEARTBEAT target_type=call_site elapsed_min=56.5 files_done=63 resolved=205 errors=1347 current=lib/rubocop/cop/metrics/class_length.rb
[2026-04-11T03:46:46Z] [iter=2] HEARTBEAT target_type=call_site elapsed_min=57.2 files_done=64 resolved=207 errors=1363 current=spec/rubocop/cop/style/safe_navigation_chain_length_spec.rb
[2026-04-11T03:48:47Z] [iter=2] HEARTBEAT target_type=call_site elapsed_min=59.2 files_done=68 resolved=215 errors=1415 current=spec/rubocop/server/cli_spec.rb
[2026-04-11T03:50:30Z] [iter=2] HEARTBEAT target_type=call_site elapsed_min=60.9 files_done=69 resolved=216 errors=1459 current=spec/rubocop/cop/style/mutable_constant_spec.rb
[2026-04-11T03:51:14Z] [iter=2] HEARTBEAT target_type=call_site elapsed_min=61.6 files_done=71 resolved=221 errors=1477 current=spec/rubocop/cop/layout/empty_lines_after_module_inclusion_spec.rb
[2026-04-11T03:51:44Z] [iter=2] HEARTBEAT target_type=call_site elapsed_min=62.1 files_done=76 resolved=222 errors=1488 current=spec/rubocop/config_spec.rb
[2026-04-11T03:53:10Z] [iter=2] HEARTBEAT target_type=call_site elapsed_min=63.6 files_done=77 resolved=233 errors=1521 current=spec/rubocop/cop/style/single_line_methods_spec.rb
[2026-04-11T03:55:09Z] [iter=2] HEARTBEAT target_type=call_site elapsed_min=65.6 files_done=79 resolved=239 errors=1572 current=lib/rubocop/cop/layout/closing_parenthesis_indentation.rb
[2026-04-11T03:57:46Z] [iter=2] HEARTBEAT target_type=call_site elapsed_min=68.2 files_done=80 resolved=242 errors=1640 current=lib/rubocop/cop/lint/interpolation_check.rb
[2026-04-11T03:59:07Z] [iter=2] HEARTBEAT target_type=call_site elapsed_min=69.5 files_done=81 resolved=243 errors=1675 current=spec/rubocop/formatter/pacman_formatter_spec.rb
[2026-04-11T04:00:00Z] [iter=2] HEARTBEAT target_type=call_site elapsed_min=70.4 files_done=86 resolved=253 errors=1696 current=spec/rubocop/cop/registry_spec.rb
[2026-04-11T04:01:44Z] [iter=2] HEARTBEAT target_type=call_site elapsed_min=72.1 files_done=90 resolved=278 errors=1738 current=lib/rubocop/plugin/configuration_integrator.rb
[2026-04-11T04:03:46Z] [iter=2] HEARTBEAT target_type=call_site elapsed_min=74.2 files_done=91 resolved=284 errors=1790 current=lib/rubocop/cop/style/class_methods.rb
[2026-04-11T04:04:35Z] [iter=2] HEARTBEAT target_type=call_site elapsed_min=75.0 files_done=92 resolved=286 errors=1811 current=spec/rubocop/cop/internal_affairs/node_first_or_last_argument_spec.rb
[2026-04-11T04:06:27Z] [iter=2] HEARTBEAT target_type=call_site elapsed_min=76.9 files_done=95 resolved=286 errors=1857 current=lib/rubocop/cop/mixin/multiline_element_indentation.rb
[2026-04-11T04:08:00Z] [iter=2] HEARTBEAT target_type=call_site elapsed_min=78.4 files_done=96 resolved=286 errors=1897 current=spec/rubocop/cop/lint/missing_cop_enable_directive_spec.rb
[2026-04-11T04:09:18Z] [iter=2] HEARTBEAT target_type=call_site elapsed_min=79.7 files_done=99 resolved=289 errors=1930 current=lib/rubocop/cop/style/inline_comment.rb
[2026-04-11T04:09:55Z] [iter=2] HEARTBEAT target_type=call_site elapsed_min=80.3 files_done=101 resolved=291 errors=1946 current=spec/rubocop/cop/lint/redundant_cop_enable_directive_spec.rb
[2026-04-11T04:11:11Z] [iter=2] HEARTBEAT target_type=call_site elapsed_min=81.6 files_done=103 resolved=291 errors=1978 current=spec/rubocop/cop/internal_affairs/example_description_spec.rb
[2026-04-11T04:11:48Z] [iter=2] HEARTBEAT target_type=call_site elapsed_min=82.2 files_done=106 resolved=292 errors=1978 current=lib/rubocop/cop/internal_affairs/redundant_described_class_as_subject.rb
[2026-04-11T04:12:23Z] [iter=2] HEARTBEAT target_type=call_site elapsed_min=82.8 files_done=107 resolved=297 errors=1993 current=lib/rubocop/cop/style/access_modifier_declarations.rb
[2026-04-11T04:17:06Z] [iter=2] HEARTBEAT target_type=call_site elapsed_min=87.5 files_done=108 resolved=309 errors=2115 current=lib/rubocop/cop/style/raise_args.rb
[2026-04-11T04:19:16Z] [iter=2] HEARTBEAT target_type=call_site elapsed_min=89.7 files_done=109 resolved=315 errors=2171 current=lib/rubocop/cop/mixin/hash_alignment_styles.rb
[2026-04-11T04:21:54Z] [iter=2] HEARTBEAT target_type=call_site elapsed_min=92.3 files_done=110 resolved=317 errors=2239 current=spec/rubocop/formatter/junit_formatter_spec.rb
[2026-04-11T04:22:33Z] [iter=2] HEARTBEAT target_type=call_site elapsed_min=93.0 files_done=118 resolved=320 errors=2252 current=lib/rubocop/cop/lint/unreachable_loop.rb
[2026-04-11T04:24:37Z] [iter=2] HEARTBEAT target_type=call_site elapsed_min=95.0 files_done=119 resolved=323 errors=2305 current=spec/rubocop/cop/lint/require_range_parentheses_spec.rb
[2026-04-11T04:26:54Z] [iter=2] HEARTBEAT target_type=call_site elapsed_min=97.3 files_done=123 resolved=338 errors=2363 current=spec/rubocop/cop/style/stderr_puts_spec.rb
[2026-04-11T04:31:26Z] [iter=2] HEARTBEAT target_type=call_site elapsed_min=101.8 files_done=125 resolved=346 errors=2479 current=lib/rubocop/cop/base.rb
[2026-04-11T04:35:01Z] [iter=2] HEARTBEAT target_type=call_site elapsed_min=105.4 files_done=126 resolved=368 errors=2571 current=spec/rubocop/cop/style/stabby_lambda_parentheses_spec.rb
[2026-04-11T04:35:54Z] [iter=2] HEARTBEAT target_type=call_site elapsed_min=106.3 files_done=128 resolved=371 errors=2594 current=spec/rubocop/cop/style/struct_inheritance_spec.rb
[2026-04-11T04:38:07Z] [iter=2] HEARTBEAT target_type=call_site elapsed_min=108.5 files_done=130 resolved=374 errors=2651 current=spec/rubocop/cop/lint/useless_times_spec.rb
[2026-04-11T04:40:00Z] [iter=2] HEARTBEAT target_type=call_site elapsed_min=110.4 files_done=132 resolved=380 errors=2699 current=lib/rubocop/cop/lint/suppressed_exception.rb
[2026-04-11T04:40:40Z] [iter=2] HEARTBEAT target_type=call_site elapsed_min=111.1 files_done=133 resolved=380 errors=2716 current=spec/support/multiline_literal_brace_layout_trailing_comma_examples.rb
[2026-04-11T04:44:26Z] [iter=2] HEARTBEAT target_type=call_site elapsed_min=114.8 files_done=141 resolved=383 errors=2812 current=spec/rubocop/cop/layout/trailing_empty_lines_spec.rb
[2026-04-11T04:45:26Z] [iter=2] HEARTBEAT target_type=call_site elapsed_min=115.8 files_done=144 resolved=385 errors=2837 current=lib/rubocop/cop/layout/hash_alignment.rb
[2026-04-11T04:49:42Z] [iter=2] HEARTBEAT target_type=call_site elapsed_min=120.1 files_done=145 resolved=391 errors=2946 current=spec/rubocop/formatter/quiet_formatter_spec.rb
[2026-04-11T04:52:19Z] [iter=2] HEARTBEAT target_type=call_site elapsed_min=122.7 files_done=147 resolved=404 errors=3012 current=lib/rubocop/cop/layout/line_end_string_concatenation_indentation.rb
[2026-04-11T04:53:48Z] [iter=2] HEARTBEAT target_type=call_site elapsed_min=124.2 files_done=148 resolved=407 errors=3050 current=spec/tasks/changelog_spec.rb
[2026-04-11T04:57:08Z] [iter=2] HEARTBEAT target_type=call_site elapsed_min=127.5 files_done=150 resolved=418 errors=3135 current=lib/rubocop/cop/style/string_hash_keys.rb
[2026-04-11T04:58:32Z] [iter=2] HEARTBEAT target_type=call_site elapsed_min=128.9 files_done=152 resolved=425 errors=3171 current=spec/rubocop/cop/style/if_unless_modifier_of_if_unless_spec.rb
[2026-04-11T04:59:49Z] [iter=2] HEARTBEAT target_type=call_site elapsed_min=130.2 files_done=156 resolved=436 errors=3203 current=spec/rubocop/cache_config_spec.rb
[2026-04-11T05:03:37Z] [iter=2] HEARTBEAT target_type=call_site elapsed_min=134.0 files_done=160 resolved=452 errors=3300 current=spec/support/cops/alignment_directive.rb
[2026-04-11T05:07:59Z] [iter=2] HEARTBEAT target_type=call_site elapsed_min=138.4 files_done=164 resolved=475 errors=3411 current=lib/rubocop/cop/util.rb
[2026-04-11T05:10:53Z] [iter=2] HEARTBEAT target_type=call_site elapsed_min=141.3 files_done=165 resolved=484 errors=3487 current=spec/rubocop/cop/bundler/duplicated_group_spec.rb
[2026-04-11T05:14:00Z] [iter=2] HEARTBEAT target_type=call_site elapsed_min=144.4 files_done=169 resolved=487 errors=3567 current=spec/rubocop/cop/style/if_inside_else_spec.rb
[2026-04-11T05:19:09Z] [iter=2] HEARTBEAT target_type=call_site elapsed_min=149.5 files_done=172 resolved=495 errors=3701 current=spec/rubocop/cop/style/empty_literal_spec.rb
[2026-04-11T05:21:45Z] [iter=2] HEARTBEAT target_type=call_site elapsed_min=152.2 files_done=176 resolved=501 errors=3768 current=lib/rubocop/cop/layout/indentation_width.rb
[2026-04-11T05:30:12Z] [iter=2] HEARTBEAT target_type=call_site elapsed_min=160.6 files_done=177 resolved=512 errors=3988 current=spec/rubocop/cop/style/module_function_spec.rb
[2026-04-11T05:35:05Z] [iter=2] HEARTBEAT target_type=call_site elapsed_min=165.5 files_done=181 resolved=518 errors=4115 current=spec/rubocop/cop/style/block_delimiters_spec.rb
[2026-04-11T05:36:03Z] [iter=2] HEARTBEAT target_type=call_site elapsed_min=166.4 files_done=186 resolved=524 errors=4138 current=spec/rubocop/cop/lint/redundant_type_conversion_spec.rb
[2026-04-11T05:38:06Z] [iter=2] HEARTBEAT target_type=call_site elapsed_min=168.5 files_done=190 resolved=539 errors=4192 current=lib/rubocop/rspec/expect_offense.rb
[2026-04-11T05:40:56Z] [iter=2] HEARTBEAT target_type=call_site elapsed_min=171.3 files_done=191 resolved=548 errors=4267 current=lib/rubocop/cop/security/json_load.rb
[2026-04-11T05:43:40Z] [iter=2] HEARTBEAT target_type=call_site elapsed_min=174.1 files_done=194 resolved=554 errors=4339 current=spec/rubocop/cop/style/class_equality_comparison_spec.rb
[2026-04-11T05:44:10Z] [iter=2] HEARTBEAT target_type=call_site elapsed_min=174.6 files_done=197 resolved=556 errors=4352 current=spec/rubocop/cop/layout/multiline_block_layout_spec.rb
[2026-04-11T05:45:05Z] [iter=2] HEARTBEAT target_type=call_site elapsed_min=175.5 files_done=199 resolved=557 errors=4376 current=lib/rubocop/cop/mixin/space_after_punctuation.rb
[2026-04-11T05:46:28Z] [iter=2] HEARTBEAT target_type=call_site elapsed_min=176.9 files_done=201 resolved=563 errors=4412 current=spec/rubocop/cop/style/safe_navigation_spec.rb
[2026-04-11T05:46:59Z] [iter=2] HEARTBEAT target_type=call_site elapsed_min=177.4 files_done=204 resolved=563 errors=4420 current=spec/rubocop/cop/layout/first_hash_element_indentation_spec.rb
[2026-04-11T05:49:49Z] [iter=2] HEARTBEAT target_type=call_site elapsed_min=180.2 files_done=207 resolved=567 errors=4495 current=spec/rubocop/cop/variable_force/variable_table_spec.rb
[2026-04-11T05:50:32Z] [iter=2] HEARTBEAT target_type=call_site elapsed_min=180.9 files_done=209 resolved=604 errors=4513 current=spec/rubocop/runner_formatter_invocation_spec.rb
[2026-04-11T05:51:10Z] [iter=2] HEARTBEAT target_type=call_site elapsed_min=181.6 files_done=214 resolved=616 errors=4528 current=lib/rubocop/cop/mixin/method_complexity.rb
[2026-04-11T05:52:13Z] [iter=2] HEARTBEAT target_type=call_site elapsed_min=182.6 files_done=215 resolved=624 errors=4556 current=spec/rubocop/cop/style/exponential_notation_spec.rb
[2026-04-11T05:53:59Z] [iter=2] HEARTBEAT target_type=call_site elapsed_min=184.4 files_done=218 resolved=638 errors=4602 current=spec/rubocop/cop/lint/deprecated_open_ssl_constant_spec.rb
[2026-04-11T05:55:18Z] [iter=2] HEARTBEAT target_type=call_site elapsed_min=185.7 files_done=222 resolved=642 errors=4636 current=spec/rubocop/cop/style/collection_compact_spec.rb
[2026-04-11T05:56:15Z] [iter=2] HEARTBEAT target_type=call_site elapsed_min=186.7 files_done=227 resolved=646 errors=4660 current=spec/rubocop/lockfile_spec.rb
[2026-04-11T05:56:50Z] [iter=2] HEARTBEAT target_type=call_site elapsed_min=187.2 files_done=231 resolved=653 errors=4674 current=lib/rubocop/cop/style/symbol_proc.rb
[2026-04-11T06:00:24Z] [iter=2] HEARTBEAT target_type=call_site elapsed_min=190.8 files_done=232 resolved=664 errors=4768 current=spec/rubocop/cop/lint/safe_navigation_chain_spec.rb
[2026-04-11T06:04:50Z] [iter=2] HEARTBEAT target_type=call_site elapsed_min=195.2 files_done=235 resolved=666 errors=4883 current=spec/rubocop/cop/layout/empty_lines_around_class_body_spec.rb
[2026-04-11T06:06:22Z] [iter=2] HEARTBEAT target_type=call_site elapsed_min=196.8 files_done=239 resolved=674 errors=4922 current=spec/rubocop/cop/style/commented_keyword_spec.rb
[2026-04-11T06:07:50Z] [iter=2] HEARTBEAT target_type=call_site elapsed_min=198.2 files_done=242 resolved=1490 errors=4958 current=lib/rubocop/cop/lint/deprecated_class_methods.rb
[2026-04-11T06:09:13Z] [iter=2] HEARTBEAT target_type=call_site elapsed_min=199.6 files_done=243 resolved=1494 errors=4994 current=lib/rubocop/cop/style/method_call_with_args_parentheses/omit_parentheses.rb
[2026-04-11T06:16:06Z] [iter=2] HEARTBEAT target_type=call_site elapsed_min=206.5 files_done=244 resolved=1496 errors=5175 current=lib/rubocop/cop/lint/constant_reassignment.rb
[2026-04-11T06:18:28Z] [iter=2] HEARTBEAT target_type=call_site elapsed_min=208.9 files_done=245 resolved=1499 errors=5237 current=lib/rubocop/cop/style/hash_each_methods.rb
[2026-04-11T06:23:12Z] [iter=2] HEARTBEAT target_type=call_site elapsed_min=213.6 files_done=246 resolved=1512 errors=5359 current=lib/rubocop/cop/style/redundant_begin.rb
[2026-04-11T06:27:18Z] [iter=2] HEARTBEAT target_type=call_site elapsed_min=217.7 files_done=247 resolved=1518 errors=5465 current=lib/rubocop/cop/layout/array_alignment.rb
[2026-04-11T06:28:15Z] [iter=2] HEARTBEAT target_type=call_site elapsed_min=218.6 files_done=248 resolved=1520 errors=5489 current=lib/rubocop/cop/lint/useless_assignment.rb
[2026-04-11T06:33:52Z] [iter=2] HEARTBEAT target_type=call_site elapsed_min=224.3 files_done=249 resolved=1524 errors=5634 current=spec/rubocop/cop/lint/duplicate_hash_key_spec.rb
[2026-04-11T06:39:29Z] [iter=2] HEARTBEAT target_type=call_site elapsed_min=229.9 files_done=253 resolved=1541 errors=5778 current=spec/rubocop/cop/style/regexp_literal_spec.rb
[2026-04-11T06:40:08Z] [iter=2] HEARTBEAT target_type=call_site elapsed_min=230.5 files_done=259 resolved=1558 errors=5793 current=spec/rubocop/cop/style/raise_args_spec.rb
[2026-04-11T06:42:04Z] [iter=2] HEARTBEAT target_type=call_site elapsed_min=232.5 files_done=262 resolved=1567 errors=5842 current=spec/rubocop/cop/style/string_concatenation_spec.rb
[2026-04-11T06:44:12Z] [iter=2] HEARTBEAT target_type=call_site elapsed_min=234.6 files_done=264 resolved=1579 errors=5897 current=lib/rubocop/cop/lint/deprecated_open_ssl_constant.rb
[2026-04-11T06:47:00Z] [iter=2] HEARTBEAT target_type=call_site elapsed_min=237.4 files_done=265 resolved=1590 errors=5969 current=spec/rubocop/rake_task_spec.rb
[2026-04-11T06:47:49Z] [iter=2] HEARTBEAT target_type=call_site elapsed_min=238.2 files_done=266 resolved=1604 errors=5990 current=spec/rubocop/cop/mixin/enforce_superclass_spec.rb
[2026-04-11T06:49:05Z] [iter=2] HEARTBEAT target_type=call_site elapsed_min=239.5 files_done=271 resolved=1610 errors=6021 current=spec/rubocop/formatter/simple_text_formatter_spec.rb
[2026-04-11T06:49:43Z] [iter=2] CHECKPOINT TRIGGERED elapsed_min=240.1 files_completed=438 new_files_this_iter=272 mem_mb=1283 MB
[2026-04-11T06:49:43Z] [iter=2] Writing partial enrichment graph path=/home/runner/work/forx/forx/storage/aggregate/lsp/af8026643d436c4570bf7063a7475e2cad95fd49.nq.gz triples=131584
[2026-04-11T06:49:46Z] [iter=2] Checkpoint written, exiting with code 7
[2026-04-11T06:49:46Z] [iter=2] PHASE END: enrich (checkpointed) elapsed_s=14407 elapsed_min=240.1 files_completed=438
