[2026-04-11T19:37:12Z] === ENRICH ITERATION 6 START | repo=rubocop-hq/rubocop sha=af802664 ===
[2026-04-11T19:37:12Z] [iter=6] PHASE START: enrich repo=rubocop-hq/rubocop sha=af802664 runlog=/home/runner/work/forx/forx/storage/aggregate/lsp/logs/af802664-enrich-iter-006.log output=/home/runner/work/forx/forx/storage/aggregate/lsp/af8026643d436c4570bf7063a7475e2cad95fd49.nq.gz
[2026-04-11T19:37:24Z] [iter=6] Step 1: Loading AST into disk-backed store mem_mb=77 MB
[2026-04-11T19:38:20Z] [iter=6] AST store loaded triples=5962817 load_secs=54 mem_mb=1065 MB
[2026-04-11T19:38:20Z] [iter=6] Step 2: Finding LSP targets mem_mb=1065 MB
[2026-04-11T19:38:57Z] [iter=6] LSP targets found call_sites=110635 imports=0 extends=0 implements=0 secs=37
[2026-04-11T19:39:09Z] [iter=6] Loaded checkpoint partial graph triples=266028
[2026-04-11T19:39:40Z] [iter=6] Step 2.7: Building position index (one-shot, shared across resolvers) mem_mb=1172 MB
[2026-04-11T19:40:18Z] [iter=6] Position index built positions=361286 nodes_with_types=479789 secs=38 mem_mb=1836 MB
[2026-04-11T19:40:18Z] [iter=6] Step 3: Starting LSP resolution mem_mb=1836 MB already_completed_types=[] already_completed_files=1299
[2026-04-11T19:40:18Z] [iter=6] Resolving target type target_type=call_site count=110635
[2026-04-11T19:40:20Z] [iter=6] HEARTBEAT target_type=call_site elapsed_min=3.1 files_done=0 resolved=0 errors=0 current=lib/rubocop/formatter/markdown_formatter.rb
[2026-04-11T19:41:46Z] [iter=6] HEARTBEAT target_type=call_site elapsed_min=4.6 files_done=1 resolved=10 errors=32 current=lib/rubocop/cop/layout/space_before_comment.rb
[2026-04-11T19:42:39Z] [iter=6] HEARTBEAT target_type=call_site elapsed_min=5.5 files_done=3 resolved=11 errors=54 current=lib/rubocop/cop/lint/syntax.rb
[2026-04-11T19:44:00Z] [iter=6] HEARTBEAT target_type=call_site elapsed_min=6.8 files_done=4 resolved=11 errors=87 current=lib/rubocop/cop/layout/assignment_indentation.rb
[2026-04-11T19:44:42Z] [iter=6] HEARTBEAT target_type=call_site elapsed_min=7.5 files_done=5 resolved=14 errors=104 current=lib/rubocop/cop/generator/configuration_injector.rb
[2026-04-11T19:45:12Z] [iter=6] HEARTBEAT target_type=call_site elapsed_min=8.0 files_done=7 resolved=21 errors=116 current=lib/rubocop/cop/lint/return_in_void_context.rb
[2026-04-11T19:45:43Z] [iter=6] HEARTBEAT target_type=call_site elapsed_min=8.5 files_done=8 resolved=22 errors=129 current=spec/rubocop/cop/style/redundant_constant_base_spec.rb
[2026-04-11T19:46:40Z] [iter=6] HEARTBEAT target_type=call_site elapsed_min=9.5 files_done=10 resolved=29 errors=153 current=spec/rubocop/cop/lint/mixed_regexp_capture_types_spec.rb
[2026-04-11T19:49:04Z] [iter=6] HEARTBEAT target_type=call_site elapsed_min=11.9 files_done=14 resolved=37 errors=213 current=lib/rubocop/cop/layout/space_after_not.rb
[2026-04-11T19:49:42Z] [iter=6] HEARTBEAT target_type=call_site elapsed_min=12.5 files_done=15 resolved=39 errors=229 current=spec/rubocop/cop/variable_force/reference_spec.rb
[2026-04-11T19:50:32Z] [iter=6] HEARTBEAT target_type=call_site elapsed_min=13.3 files_done=18 resolved=46 errors=249 current=lib/rubocop/cop/lint/empty_class.rb
[2026-04-11T19:52:07Z] [iter=6] HEARTBEAT target_type=call_site elapsed_min=14.9 files_done=22 resolved=48 errors=289 current=lib/rubocop/cop/style/file_null.rb
[2026-04-11T19:52:50Z] [iter=6] HEARTBEAT target_type=call_site elapsed_min=15.6 files_done=23 resolved=50 errors=307 current=lib/rubocop/cop/style/trailing_underscore_variable.rb
[2026-04-11T19:55:13Z] [iter=6] HEARTBEAT target_type=call_site elapsed_min=18.0 files_done=24 resolved=55 errors=368 current=lib/rubocop/cop/style/while_until_do.rb
[2026-04-11T19:55:44Z] [iter=6] HEARTBEAT target_type=call_site elapsed_min=18.5 files_done=25 resolved=57 errors=381 current=spec/rubocop/cop/style/mixin_grouping_spec.rb
[2026-04-11T19:57:13Z] [iter=6] HEARTBEAT target_type=call_site elapsed_min=20.0 files_done=32 resolved=69 errors=418 current=lib/rubocop/cop/layout/first_array_element_line_break.rb
[2026-04-11T19:58:32Z] [iter=6] HEARTBEAT target_type=call_site elapsed_min=21.3 files_done=35 resolved=77 errors=451 current=lib/rubocop/cop/style/nested_parenthesized_calls.rb
[2026-04-11T19:59:33Z] [iter=6] HEARTBEAT target_type=call_site elapsed_min=22.4 files_done=36 resolved=81 errors=477 current=spec/rubocop/cop/style/send_spec.rb
[2026-04-11T20:00:04Z] [iter=6] HEARTBEAT target_type=call_site elapsed_min=22.9 files_done=38 resolved=82 errors=490 current=spec/rubocop/cop/style/swap_values_spec.rb
[2026-04-11T20:01:22Z] [iter=6] HEARTBEAT target_type=call_site elapsed_min=24.2 files_done=40 resolved=93 errors=523 current=lib/rubocop/cop/internal_affairs/node_pattern_groups/ast_walker.rb
[2026-04-11T20:02:54Z] [iter=6] HEARTBEAT target_type=call_site elapsed_min=25.7 files_done=41 resolved=97 errors=562 current=spec/rubocop/cop/lint/ambiguous_regexp_literal_spec.rb
[2026-04-11T20:05:22Z] [iter=6] HEARTBEAT target_type=call_site elapsed_min=28.2 files_done=46 resolved=104 errors=624 current=lib/rubocop/cop/style/comparable_clamp.rb
[2026-04-11T20:06:07Z] [iter=6] HEARTBEAT target_type=call_site elapsed_min=28.9 files_done=47 resolved=112 errors=643 current=spec/rubocop/cop/internal_affairs/cop_description_spec.rb
[2026-04-11T20:06:46Z] [iter=6] HEARTBEAT target_type=call_site elapsed_min=29.6 files_done=50 resolved=116 errors=659 current=spec/rubocop/cop/style/hash_conversion_spec.rb
[2026-04-11T20:07:55Z] [iter=6] HEARTBEAT target_type=call_site elapsed_min=30.7 files_done=52 resolved=127 errors=688 current=spec/rubocop/cop/style/numeric_literal_prefix_spec.rb
[2026-04-11T20:08:38Z] [iter=6] HEARTBEAT target_type=call_site elapsed_min=31.4 files_done=62 resolved=134 errors=705 current=spec/support/strict_warnings.rb
[2026-04-11T20:09:09Z] [iter=6] HEARTBEAT target_type=call_site elapsed_min=31.9 files_done=64 resolved=145 errors=718 current=lib/rubocop/cop/correctors/require_library_corrector.rb
[2026-04-11T20:10:00Z] [iter=6] HEARTBEAT target_type=call_site elapsed_min=32.8 files_done=69 resolved=149 errors=739 current=spec/rubocop/cop/lint/percent_string_array_spec.rb
[2026-04-11T20:10:55Z] [iter=6] HEARTBEAT target_type=call_site elapsed_min=33.7 files_done=71 resolved=156 errors=762 current=spec/rubocop/cop/style/yaml_file_read_spec.rb
[2026-04-11T20:11:57Z] [iter=6] HEARTBEAT target_type=call_site elapsed_min=34.8 files_done=75 resolved=159 errors=788 current=spec/rubocop/cop/layout/multiline_array_line_breaks_spec.rb
[2026-04-11T20:12:48Z] [iter=6] HEARTBEAT target_type=call_site elapsed_min=35.6 files_done=77 resolved=160 errors=809 current=lib/rubocop/server/client_command.rb
[2026-04-11T20:13:24Z] [iter=6] HEARTBEAT target_type=call_site elapsed_min=36.2 files_done=79 resolved=167 errors=824 current=spec/rubocop/cop/style/redundant_self_assignment_branch_spec.rb
[2026-04-11T20:14:09Z] [iter=6] HEARTBEAT target_type=call_site elapsed_min=37.0 files_done=81 resolved=171 errors=843 current=lib/rubocop/cop/lint/out_of_range_regexp_ref.rb
[2026-04-11T20:15:46Z] [iter=6] HEARTBEAT target_type=call_site elapsed_min=38.6 files_done=82 resolved=173 errors=884 current=lib/rubocop/cop/style/method_called_on_do_end_block.rb
[2026-04-11T20:16:17Z] [iter=6] HEARTBEAT target_type=call_site elapsed_min=39.1 files_done=83 resolved=174 errors=897 current=lib/rubocop/cop/lint/no_return_in_begin_end_blocks.rb
[2026-04-11T20:17:24Z] [iter=6] HEARTBEAT target_type=call_site elapsed_min=40.2 files_done=88 resolved=182 errors=925 current=lib/rubocop/cop/lint/duplicate_require.rb
[2026-04-11T20:19:58Z] [iter=6] HEARTBEAT target_type=call_site elapsed_min=42.8 files_done=90 resolved=199 errors=990 current=spec/rubocop/cop/style/static_class_spec.rb
[2026-04-11T20:21:19Z] [iter=6] HEARTBEAT target_type=call_site elapsed_min=44.1 files_done=92 resolved=200 errors=1024 current=lib/rubocop/config_obsoletion/rule.rb
[2026-04-11T20:22:00Z] [iter=6] HEARTBEAT target_type=call_site elapsed_min=44.8 files_done=94 resolved=202 errors=1041 current=spec/rubocop/cop/style/nil_comparison_spec.rb
[2026-04-11T20:22:34Z] [iter=6] HEARTBEAT target_type=call_site elapsed_min=45.4 files_done=96 resolved=203 errors=1055 current=tasks/new_cop.rake
[2026-04-11T20:23:57Z] [iter=6] HEARTBEAT target_type=call_site elapsed_min=46.8 files_done=98 resolved=218 errors=1090 current=lib/rubocop/cop/style/dig_chain.rb
[2026-04-11T20:25:03Z] [iter=6] HEARTBEAT target_type=call_site elapsed_min=47.9 files_done=99 resolved=224 errors=1118 current=lib/rubocop/cop/correctors/condition_corrector.rb
[2026-04-11T20:25:34Z] [iter=6] HEARTBEAT target_type=call_site elapsed_min=48.4 files_done=100 resolved=224 errors=1131 current=spec/fixtures/markdown_formatter/project/app/models/shelf.rb
[2026-04-11T20:27:01Z] [iter=6] HEARTBEAT target_type=call_site elapsed_min=49.8 files_done=103 resolved=230 errors=1168 current=spec/rubocop/cop/style/trailing_body_on_class_spec.rb
[2026-04-11T20:28:31Z] [iter=6] HEARTBEAT target_type=call_site elapsed_min=51.3 files_done=106 resolved=240 errors=1206 current=spec/rubocop/cop/lint/each_with_object_argument_spec.rb
[2026-04-11T20:30:32Z] [iter=6] HEARTBEAT target_type=call_site elapsed_min=53.3 files_done=110 resolved=245 errors=1257 current=spec/rubocop/cop/lint/hash_compare_by_identity_spec.rb
[2026-04-11T20:31:48Z] [iter=6] HEARTBEAT target_type=call_site elapsed_min=54.6 files_done=113 resolved=248 errors=1289 current=spec/rubocop/cop/style/array_intersect_with_single_element_spec.rb
[2026-04-11T20:32:20Z] [iter=6] HEARTBEAT target_type=call_site elapsed_min=55.1 files_done=116 resolved=255 errors=1302 current=spec/rubocop/cop/layout/space_around_equals_in_parameter_default_spec.rb
[2026-04-11T20:33:10Z] [iter=6] HEARTBEAT target_type=call_site elapsed_min=56.0 files_done=119 resolved=265 errors=1323 current=lib/rubocop/cop/layout/space_inside_range_literal.rb
[2026-04-11T20:33:53Z] [iter=6] HEARTBEAT target_type=call_site elapsed_min=56.7 files_done=121 resolved=269 errors=1341 current=lib/rubocop/cop/style/data_inheritance.rb
[2026-04-11T20:35:11Z] [iter=6] HEARTBEAT target_type=call_site elapsed_min=58.0 files_done=122 resolved=274 errors=1374 current=spec/rubocop/cop/lint/else_layout_spec.rb
[2026-04-11T20:35:54Z] [iter=6] HEARTBEAT target_type=call_site elapsed_min=58.7 files_done=125 resolved=279 errors=1392 current=lib/rubocop/cop/style/collection_methods.rb
[2026-04-11T20:37:00Z] [iter=6] HEARTBEAT target_type=call_site elapsed_min=59.8 files_done=126 resolved=283 errors=1420 current=lib/rubocop/cop/style/yoda_expression.rb
[2026-04-11T20:37:43Z] [iter=6] HEARTBEAT target_type=call_site elapsed_min=60.5 files_done=127 resolved=289 errors=1438 current=lib/rubocop/cop/mixin/check_single_line_suitability.rb
[2026-04-11T20:38:46Z] [iter=6] HEARTBEAT target_type=call_site elapsed_min=61.6 files_done=128 resolved=289 errors=1465 current=spec/rubocop/lsp_spec.rb
[2026-04-11T20:39:53Z] [iter=6] HEARTBEAT target_type=call_site elapsed_min=62.7 files_done=133 resolved=311 errors=1493 current=spec/rubocop/cop/lint/or_assignment_to_constant_spec.rb
[2026-04-11T20:40:29Z] [iter=6] HEARTBEAT target_type=call_site elapsed_min=63.3 files_done=136 resolved=313 errors=1508 current=lib/rubocop/cop/internal_affairs/lambda_or_proc.rb
[2026-04-11T20:41:12Z] [iter=6] HEARTBEAT target_type=call_site elapsed_min=64.0 files_done=138 resolved=318 errors=1526 current=lib/rubocop/cop/naming/predicate_prefix.rb
[2026-04-11T20:42:32Z] [iter=6] HEARTBEAT target_type=call_site elapsed_min=65.3 files_done=139 resolved=324 errors=1560 current=lib/rubocop/cop/style/negated_if.rb
[2026-04-11T20:43:37Z] [iter=6] HEARTBEAT target_type=call_site elapsed_min=66.4 files_done=141 resolved=330 errors=1587 current=lib/rubocop/cop/style/percent_q_literals.rb
[2026-04-11T20:44:19Z] [iter=6] HEARTBEAT target_type=call_site elapsed_min=67.1 files_done=142 resolved=333 errors=1605 current=spec/rubocop/cop/internal_affairs/cop_enabled_spec.rb
[2026-04-11T20:45:24Z] [iter=6] HEARTBEAT target_type=call_site elapsed_min=68.2 files_done=146 resolved=335 errors=1632 current=lib/rubocop/cop/layout/leading_empty_lines.rb
[2026-04-11T20:46:05Z] [iter=6] HEARTBEAT target_type=call_site elapsed_min=68.9 files_done=148 resolved=337 errors=1649 current=lib/rubocop/cop/internal_affairs/redundant_source_range.rb
[2026-04-11T20:46:38Z] [iter=6] HEARTBEAT target_type=call_site elapsed_min=69.4 files_done=151 resolved=343 errors=1663 current=lib/rubocop/cop/style/dir_empty.rb
[2026-04-11T20:47:10Z] [iter=6] HEARTBEAT target_type=call_site elapsed_min=70.0 files_done=154 resolved=351 errors=1676 current=lib/rubocop/cop/correctors/unused_arg_corrector.rb
[2026-04-11T20:47:43Z] [iter=6] HEARTBEAT target_type=call_site elapsed_min=70.5 files_done=155 resolved=353 errors=1690 current=spec/rubocop/cop/lint/empty_class_spec.rb
[2026-04-11T20:48:16Z] [iter=6] HEARTBEAT target_type=call_site elapsed_min=71.1 files_done=157 resolved=355 errors=1704 current=spec/rubocop/cop/style/empty_block_parameter_spec.rb
[2026-04-11T20:49:04Z] [iter=6] HEARTBEAT target_type=call_site elapsed_min=71.9 files_done=159 resolved=360 errors=1724 current=spec/rubocop/cop/gemspec/add_runtime_dependency_spec.rb
[2026-04-11T20:49:47Z] [iter=6] HEARTBEAT target_type=call_site elapsed_min=72.6 files_done=166 resolved=371 errors=1742 current=spec/rubocop/cop/gemspec/duplicated_assignment_spec.rb
[2026-04-11T20:50:26Z] [iter=6] HEARTBEAT target_type=call_site elapsed_min=73.2 files_done=168 resolved=376 errors=1758 current=lib/rubocop/cop/style/empty_heredoc.rb
[2026-04-11T20:51:13Z] [iter=6] HEARTBEAT target_type=call_site elapsed_min=74.0 files_done=170 resolved=381 errors=1778 current=lib/rubocop/cop/bundler/insecure_protocol_source.rb
[2026-04-11T20:52:25Z] [iter=6] HEARTBEAT target_type=call_site elapsed_min=75.2 files_done=175 resolved=390 errors=1808 current=lib/rubocop/cop/lint/useless_else_without_rescue.rb
[2026-04-11T20:52:58Z] [iter=6] HEARTBEAT target_type=call_site elapsed_min=75.8 files_done=177 resolved=395 errors=1822 current=lib/rubocop/cop/utils/format_string.rb
[2026-04-11T20:54:07Z] [iter=6] HEARTBEAT target_type=call_site elapsed_min=76.9 files_done=178 resolved=397 errors=1851 current=lib/rubocop/cop/lint/ambiguous_assignment.rb
[2026-04-11T20:54:41Z] [iter=6] HEARTBEAT target_type=call_site elapsed_min=77.5 files_done=179 resolved=400 errors=1865 current=spec/rubocop/cop/lint/useless_defined_spec.rb
[2026-04-11T20:55:31Z] [iter=6] HEARTBEAT target_type=call_site elapsed_min=78.3 files_done=182 resolved=402 errors=1886 current=lib/rubocop/cop/style/if_unless_modifier_of_if_unless.rb
[2026-04-11T20:56:19Z] [iter=6] HEARTBEAT target_type=call_site elapsed_min=79.1 files_done=183 resolved=405 errors=1906 current=lib/rubocop/cop/style/numbered_parameters.rb
[2026-04-11T20:56:52Z] [iter=6] HEARTBEAT target_type=call_site elapsed_min=79.7 files_done=185 resolved=409 errors=1920 current=spec/rubocop/cop/internal_affairs/example_heredoc_delimiter_spec.rb
[2026-04-11T20:57:38Z] [iter=6] HEARTBEAT target_type=call_site elapsed_min=80.4 files_done=191 resolved=413 errors=1939 current=lib/rubocop/cli/command/lsp.rb
[2026-04-11T20:58:15Z] [iter=6] HEARTBEAT target_type=call_site elapsed_min=81.0 files_done=194 resolved=419 errors=1954 current=lib/rubocop/cop/mixin/def_node.rb
[2026-04-11T20:59:08Z] [iter=6] HEARTBEAT target_type=call_site elapsed_min=81.9 files_done=200 resolved=426 errors=1976 current=spec/rubocop/cop/layout/space_before_comment_spec.rb
[2026-04-11T21:00:05Z] [iter=6] HEARTBEAT target_type=call_site elapsed_min=82.9 files_done=206 resolved=433 errors=2000 current=spec/rubocop/cop/style/double_cop_disable_directive_spec.rb
[2026-04-11T21:01:18Z] [iter=6] HEARTBEAT target_type=call_site elapsed_min=84.1 files_done=208 resolved=435 errors=2031 current=lib/rubocop/cop/style/reverse_find.rb
[2026-04-11T21:02:18Z] [iter=6] HEARTBEAT target_type=call_site elapsed_min=85.1 files_done=211 resolved=440 errors=2056 current=lib/rubocop/cop/lint/identity_comparison.rb
[2026-04-11T21:03:05Z] [iter=6] HEARTBEAT target_type=call_site elapsed_min=85.9 files_done=213 resolved=445 errors=2076 current=lib/rubocop/cop/style/nested_file_dirname.rb
[2026-04-11T21:03:43Z] [iter=6] HEARTBEAT target_type=call_site elapsed_min=86.5 files_done=214 resolved=453 errors=2092 current=spec/rubocop/cop/style/array_join_spec.rb
[2026-04-11T21:04:26Z] [iter=6] HEARTBEAT target_type=call_site elapsed_min=87.2 files_done=217 resolved=458 errors=2110 current=lib/rubocop/cop/lint/safe_navigation_with_empty.rb
[2026-04-11T21:04:59Z] [iter=6] HEARTBEAT target_type=call_site elapsed_min=87.8 files_done=219 resolved=467 errors=2124 current=spec/rubocop/cop/style/symbol_literal_spec.rb
[2026-04-11T21:05:49Z] [iter=6] HEARTBEAT target_type=call_site elapsed_min=88.6 files_done=222 resolved=471 errors=2145 current=lib/rubocop/cop/style/array_first_last.rb
[2026-04-11T21:07:09Z] [iter=6] HEARTBEAT target_type=call_site elapsed_min=90.0 files_done=223 resolved=473 errors=2179 current=lib/rubocop/cop/style/while_until_modifier.rb
[2026-04-11T21:07:41Z] [iter=6] HEARTBEAT target_type=call_site elapsed_min=90.5 files_done=225 resolved=477 errors=2192 current=lib/rubocop/cli/command/show_docs_url.rb
[2026-04-11T21:08:14Z] [iter=6] HEARTBEAT target_type=call_site elapsed_min=91.0 files_done=227 resolved=483 errors=2206 current=lib/rubocop/cop/lint/numbered_parameter_assignment.rb
[2026-04-11T21:08:51Z] [iter=6] HEARTBEAT target_type=call_site elapsed_min=91.6 files_done=231 resolved=491 errors=2221 current=lib/rubocop/cop/lint/constant_definition_in_block.rb
[2026-04-11T21:09:24Z] [iter=6] HEARTBEAT target_type=call_site elapsed_min=92.2 files_done=233 resolved=498 errors=2235 current=lib/rubocop/cop/layout/empty_lines_around_block_body.rb
[2026-04-11T21:10:00Z] [iter=6] HEARTBEAT target_type=call_site elapsed_min=92.8 files_done=236 resolved=504 errors=2250 current=spec/support/multiline_literal_brace_layout_method_argument_examples.rb
[2026-04-11T21:10:41Z] [iter=6] HEARTBEAT target_type=call_site elapsed_min=93.5 files_done=240 resolved=517 errors=2267 current=lib/rubocop/cop/lint/empty_file.rb
[2026-04-11T21:11:26Z] [iter=6] HEARTBEAT target_type=call_site elapsed_min=94.2 files_done=242 resolved=519 errors=2286 current=lib/rubocop/cop/style/send.rb
[2026-04-11T21:12:42Z] [iter=6] HEARTBEAT target_type=call_site elapsed_min=95.5 files_done=245 resolved=521 errors=2318 current=lib/rubocop/cop/style/optional_arguments.rb
[2026-04-11T21:13:31Z] [iter=6] HEARTBEAT target_type=call_site elapsed_min=96.3 files_done=247 resolved=523 errors=2339 current=lib/rubocop/cop/layout/begin_end_alignment.rb
[2026-04-11T21:14:14Z] [iter=6] HEARTBEAT target_type=call_site elapsed_min=97.0 files_done=250 resolved=528 errors=2357 current=lib/rubocop/cop/lint/struct_new_override.rb
[2026-04-11T21:15:35Z] [iter=6] HEARTBEAT target_type=call_site elapsed_min=98.4 files_done=252 resolved=535 errors=2391 current=lib/rubocop/cop/internal_affairs/node_destructuring.rb
[2026-04-11T21:16:11Z] [iter=6] HEARTBEAT target_type=call_site elapsed_min=99.0 files_done=257 resolved=544 errors=2406 current=lib/rubocop/cop/lint/rescue_exception.rb
[2026-04-11T21:16:51Z] [iter=6] HEARTBEAT target_type=call_site elapsed_min=99.7 files_done=260 resolved=548 errors=2423 current=spec/rubocop/cop/style/file_touch_spec.rb
[2026-04-11T21:17:37Z] [iter=6] HEARTBEAT target_type=call_site elapsed_min=100.4 files_done=264 resolved=569 errors=2442 current=lib/rubocop/cop/lint/hash_new_with_keyword_arguments_as_default.rb
[2026-04-11T21:18:33Z] [iter=6] HEARTBEAT target_type=call_site elapsed_min=101.4 files_done=266 resolved=572 errors=2466 current=lib/rubocop/cop/style/colon_method_call.rb
[2026-04-11T21:19:05Z] [iter=6] HEARTBEAT target_type=call_site elapsed_min=101.9 files_done=269 resolved=581 errors=2479 current=lib/rubocop/cop/variable_force/branchable.rb
[2026-04-11T21:20:03Z] [iter=6] HEARTBEAT target_type=call_site elapsed_min=102.9 files_done=272 resolved=589 errors=2503 current=lib/rubocop/cli/environment.rb
[2026-04-11T21:20:35Z] [iter=6] HEARTBEAT target_type=call_site elapsed_min=103.4 files_done=275 resolved=598 errors=2516 current=spec/rubocop/cop/style/while_until_do_spec.rb
[2026-04-11T21:21:09Z] [iter=6] HEARTBEAT target_type=call_site elapsed_min=104.0 files_done=279 resolved=604 errors=2530 current=spec/rubocop/cop/lint/binary_operator_with_identical_operands_spec.rb
[2026-04-11T21:21:43Z] [iter=6] HEARTBEAT target_type=call_site elapsed_min=104.5 files_done=282 resolved=605 errors=2544 current=spec/rubocop/cop/style/super_with_args_parentheses_spec.rb
[2026-04-11T21:22:57Z] [iter=6] HEARTBEAT target_type=call_site elapsed_min=105.7 files_done=286 resolved=615 errors=2575 current=spec/rubocop/cop/internal_affairs/processed_source_buffer_name_spec.rb
[2026-04-11T21:23:28Z] [iter=6] HEARTBEAT target_type=call_site elapsed_min=106.3 files_done=288 resolved=617 errors=2588 current=spec/rubocop/cop/style/dir_spec.rb
[2026-04-11T21:23:59Z] [iter=6] HEARTBEAT target_type=call_site elapsed_min=106.8 files_done=291 resolved=618 errors=2601 current=lib/rubocop/cop/style/double_cop_disable_directive.rb
[2026-04-11T21:24:40Z] [iter=6] HEARTBEAT target_type=call_site elapsed_min=107.5 files_done=293 resolved=624 errors=2618 current=lib/rubocop/cop/layout/multiline_method_parameter_line_breaks.rb
[2026-04-11T21:25:14Z] [iter=6] HEARTBEAT target_type=call_site elapsed_min=108.0 files_done=296 resolved=634 errors=2632 current=spec/rubocop/cop/style/redundant_sort_by_spec.rb
[2026-04-11T21:25:52Z] [iter=6] HEARTBEAT target_type=call_site elapsed_min=108.7 files_done=299 resolved=642 errors=2648 current=spec/rubocop/cop/style/string_methods_spec.rb
[2026-04-11T21:26:26Z] [iter=6] HEARTBEAT target_type=call_site elapsed_min=109.2 files_done=304 resolved=648 errors=2662 current=lib/rubocop/cop/lint/duplicate_case_condition.rb
[2026-04-11T21:27:35Z] [iter=6] HEARTBEAT target_type=call_site elapsed_min=110.4 files_done=307 resolved=658 errors=2691 current=lib/rubocop/cop/mixin/safe_assignment.rb
[2026-04-11T21:28:15Z] [iter=6] HEARTBEAT target_type=call_site elapsed_min=111.1 files_done=310 resolved=665 errors=2708 current=lib/rubocop/cop/correctors/empty_line_corrector.rb
[2026-04-11T21:28:49Z] [iter=6] HEARTBEAT target_type=call_site elapsed_min=111.6 files_done=316 resolved=672 errors=2722 current=lib/rubocop/cop/mixin/allowed_identifiers.rb
[2026-04-11T21:29:28Z] [iter=6] HEARTBEAT target_type=call_site elapsed_min=112.3 files_done=325 resolved=679 errors=2738 current=spec/support/cops/b_to_a_cop.rb
[2026-04-11T21:30:03Z] [iter=6] HEARTBEAT target_type=call_site elapsed_min=112.9 files_done=326 resolved=680 errors=2753 current=lib/rubocop/cop/gemspec/ruby_version_globals_usage.rb
[2026-04-11T21:31:09Z] [iter=6] HEARTBEAT target_type=call_site elapsed_min=114.0 files_done=328 resolved=688 errors=2781 current=spec/support/multiline_literal_brace_helper.rb
[2026-04-11T21:31:45Z] [iter=6] HEARTBEAT target_type=call_site elapsed_min=114.6 files_done=332 resolved=691 errors=2796 current=lib/rubocop/cop/lint/shared_mutable_default.rb
[2026-04-11T21:32:27Z] [iter=6] HEARTBEAT target_type=call_site elapsed_min=115.2 files_done=336 resolved=702 errors=2813 current=lib/rubocop/cop/layout/empty_lines_around_class_body.rb
[2026-04-11T21:33:08Z] [iter=6] HEARTBEAT target_type=call_site elapsed_min=115.9 files_done=339 resolved=706 errors=2830 current=lib/rubocop/cop/variable_force/reference.rb
[2026-04-11T21:33:51Z] [iter=6] HEARTBEAT target_type=call_site elapsed_min=116.6 files_done=344 resolved=720 errors=2848 current=lib/rubocop/cop/style/mixin_usage.rb
[2026-04-11T21:34:25Z] [iter=6] HEARTBEAT target_type=call_site elapsed_min=117.2 files_done=349 resolved=734 errors=2862 current=lib/rubocop/cop/lint/ensure_return.rb
[2026-04-11T21:35:06Z] [iter=6] HEARTBEAT target_type=call_site elapsed_min=117.9 files_done=354 resolved=739 errors=2879 current=lib/rubocop/cop/mixin/negative_conditional.rb
[2026-04-11T21:35:42Z] [iter=6] HEARTBEAT target_type=call_site elapsed_min=118.5 files_done=357 resolved=751 errors=2894 current=lib/rubocop/cop/lint/empty_in_pattern.rb
[2026-04-11T21:36:14Z] [iter=6] HEARTBEAT target_type=call_site elapsed_min=119.0 files_done=361 resolved=760 errors=2907 current=lib/rubocop/cop/internal_affairs/plugin.rb
[2026-04-11T21:36:47Z] [iter=6] HEARTBEAT target_type=call_site elapsed_min=119.6 files_done=366 resolved=776 errors=2920 current=lib/rubocop/error.rb
[2026-04-11T21:37:23Z] [iter=6] HEARTBEAT target_type=call_site elapsed_min=120.2 files_done=370 resolved=789 errors=2935 current=lib/rubocop/cop/layout/space_before_comma.rb
[2026-04-11T21:37:55Z] [iter=6] HEARTBEAT target_type=call_site elapsed_min=120.7 files_done=381 resolved=805 errors=2948 current=lib/rubocop/cop/lint/hash_compare_by_identity.rb
[2026-04-11T21:38:26Z] [iter=6] HEARTBEAT target_type=call_site elapsed_min=121.2 files_done=393 resolved=823 errors=2960 current=lib/rubocop/cop/mixin/configurable_numbering.rb
[2026-04-11T21:38:39Z] [iter=6] Target type resolved target_type=call_site resolved=828 errors=2965 secs=7101 mem_mb=1836 MB
[2026-04-11T21:43:06Z] [iter=6] Step 5: Writing final enrichment file triples=395656
[2026-04-11T21:43:15Z] [iter=6] Enrichment file written path=/home/runner/work/forx/forx/storage/aggregate/lsp/af8026643d436c4570bf7063a7475e2cad95fd49.nq.gz size_kb=10047
[2026-04-11T21:43:15Z] [iter=6] Checkpoint cleared (enrichment complete)
[2026-04-11T21:43:15Z] [iter=6] PHASE END: enrich elapsed_s=7563 elapsed_min=126.0 total_triples=395656
