[2026-04-11T11:17:26Z] === ENRICH ITERATION 4 START | repo=rubocop-hq/rubocop sha=af802664 ===
[2026-04-11T11:17:26Z] [iter=4] PHASE START: enrich repo=rubocop-hq/rubocop sha=af802664 runlog=/home/runner/work/forx/forx/storage/aggregate/lsp/logs/af802664-enrich-iter-004.log output=/home/runner/work/forx/forx/storage/aggregate/lsp/af8026643d436c4570bf7063a7475e2cad95fd49.nq.gz
[2026-04-11T11:17:33Z] [iter=4] Step 1: Loading AST into disk-backed store mem_mb=77 MB
[2026-04-11T11:18:28Z] [iter=4] AST store loaded triples=5962817 load_secs=53 mem_mb=1068 MB
[2026-04-11T11:18:28Z] [iter=4] Step 2: Finding LSP targets mem_mb=1068 MB
[2026-04-11T11:19:05Z] [iter=4] LSP targets found call_sites=110635 imports=0 extends=0 implements=0 secs=37
[2026-04-11T11:19:13Z] [iter=4] Loaded checkpoint partial graph triples=177829
[2026-04-11T11:19:45Z] [iter=4] Step 2.7: Building position index (one-shot, shared across resolvers) mem_mb=1068 MB
[2026-04-11T11:20:19Z] [iter=4] Position index built positions=361286 nodes_with_types=479789 secs=34 mem_mb=1677 MB
[2026-04-11T11:20:19Z] [iter=4] Step 3: Starting LSP resolution mem_mb=1677 MB already_completed_types=[] already_completed_files=649
[2026-04-11T11:20:19Z] [iter=4] Resolving target type target_type=call_site count=110635
[2026-04-11T11:20:21Z] [iter=4] HEARTBEAT target_type=call_site elapsed_min=2.9 files_done=0 resolved=0 errors=0 current=lib/rubocop/cop/layout/first_hash_element_indentation.rb
[2026-04-11T11:22:27Z] [iter=4] HEARTBEAT target_type=call_site elapsed_min=5.0 files_done=1 resolved=0 errors=49 current=lib/rubocop/cop/mixin/heredoc.rb
[2026-04-11T11:23:04Z] [iter=4] HEARTBEAT target_type=call_site elapsed_min=5.6 files_done=2 resolved=1 errors=64 current=spec/rubocop/cop/lint/inherit_exception_spec.rb
[2026-04-11T11:23:36Z] [iter=4] HEARTBEAT target_type=call_site elapsed_min=6.2 files_done=8 resolved=17 errors=75 current=spec/rubocop/cop/lint/redundant_regexp_quantifiers_spec.rb
[2026-04-11T11:25:26Z] [iter=4] HEARTBEAT target_type=call_site elapsed_min=8.0 files_done=12 resolved=20 errors=119 current=spec/rubocop/cop/style/data_inheritance_spec.rb
[2026-04-11T11:28:21Z] [iter=4] HEARTBEAT target_type=call_site elapsed_min=10.9 files_done=17 resolved=31 errors=191 current=lib/rubocop/directive_comment.rb
[2026-04-11T11:30:55Z] [iter=4] HEARTBEAT target_type=call_site elapsed_min=13.5 files_done=18 resolved=36 errors=254 current=spec/rubocop/cop/layout/rescue_ensure_alignment_spec.rb
[2026-04-11T11:36:23Z] [iter=4] HEARTBEAT target_type=call_site elapsed_min=18.9 files_done=20 resolved=46 errors=389 current=spec/rubocop/formatter/offense_count_formatter_spec.rb
[2026-04-11T11:37:26Z] [iter=4] HEARTBEAT target_type=call_site elapsed_min=20.0 files_done=23 resolved=54 errors=415 current=lib/rubocop/cop/style/module_member_existence_check.rb
[2026-04-11T11:38:44Z] [iter=4] HEARTBEAT target_type=call_site elapsed_min=21.3 files_done=24 resolved=60 errors=448 current=lib/rubocop/cop/layout/multiline_block_layout.rb
[2026-04-11T11:42:09Z] [iter=4] HEARTBEAT target_type=call_site elapsed_min=24.7 files_done=25 resolved=62 errors=534 current=lib/rubocop/cop/lint/nested_percent_literal.rb
[2026-04-11T11:42:41Z] [iter=4] HEARTBEAT target_type=call_site elapsed_min=25.2 files_done=26 resolved=63 errors=547 current=lib/rubocop/cop/style/one_line_conditional.rb
[2026-04-11T11:44:50Z] [iter=4] HEARTBEAT target_type=call_site elapsed_min=27.4 files_done=27 resolved=68 errors=601 current=lib/rubocop/cop/style/stabby_lambda_parentheses.rb
[2026-04-11T11:45:45Z] [iter=4] HEARTBEAT target_type=call_site elapsed_min=28.3 files_done=28 resolved=70 errors=624 current=tasks/prof.rake
[2026-04-11T11:47:31Z] [iter=4] HEARTBEAT target_type=call_site elapsed_min=30.1 files_done=31 resolved=98 errors=668 current=lib/rubocop/cop/bundler/gem_comment.rb
[2026-04-11T11:49:26Z] [iter=4] HEARTBEAT target_type=call_site elapsed_min=32.0 files_done=32 resolved=104 errors=716 current=spec/rubocop/cop/style/semicolon_spec.rb
[2026-04-11T11:50:20Z] [iter=4] HEARTBEAT target_type=call_site elapsed_min=32.9 files_done=35 resolved=105 errors=738 current=lib/rubocop/cop/layout/line_continuation_spacing.rb
[2026-04-11T11:52:19Z] [iter=4] HEARTBEAT target_type=call_site elapsed_min=34.9 files_done=36 resolved=108 errors=788 current=lib/rubocop/cop/layout/line_continuation_leading_space.rb
[2026-04-11T11:54:14Z] [iter=4] HEARTBEAT target_type=call_site elapsed_min=36.8 files_done=37 resolved=111 errors=836 current=lib/rubocop/config_regeneration.rb
[2026-04-11T11:55:39Z] [iter=4] HEARTBEAT target_type=call_site elapsed_min=38.2 files_done=39 resolved=121 errors=871 current=spec/rubocop/cop/variable_force/variable_spec.rb
[2026-04-11T11:57:18Z] [iter=4] HEARTBEAT target_type=call_site elapsed_min=39.9 files_done=42 resolved=131 errors=912 current=spec/rubocop/cop/lint/circular_argument_reference_spec.rb
[2026-04-11T11:59:49Z] [iter=4] HEARTBEAT target_type=call_site elapsed_min=42.4 files_done=44 resolved=133 errors=975 current=spec/rubocop/cop/internal_affairs/redundant_described_class_as_subject_spec.rb
[2026-04-11T12:01:35Z] [iter=4] HEARTBEAT target_type=call_site elapsed_min=44.1 files_done=47 resolved=136 errors=1019 current=spec/rubocop/cop/lint/disjunctive_assignment_in_constructor_spec.rb
[2026-04-11T12:03:30Z] [iter=4] HEARTBEAT target_type=call_site elapsed_min=46.1 files_done=51 resolved=146 errors=1067 current=spec/rubocop/cop/style/when_then_spec.rb
[2026-04-11T12:05:08Z] [iter=4] HEARTBEAT target_type=call_site elapsed_min=47.7 files_done=53 resolved=149 errors=1108 current=lib/rubocop/cop/mixin/empty_lines_around_body.rb
[2026-04-11T12:07:15Z] [iter=4] HEARTBEAT target_type=call_site elapsed_min=49.8 files_done=54 resolved=162 errors=1161 current=lib/rubocop/cop/lint/implicit_string_concatenation.rb
[2026-04-11T12:09:00Z] [iter=4] HEARTBEAT target_type=call_site elapsed_min=51.6 files_done=55 resolved=164 errors=1205 current=lib/rubocop/cop/team.rb
[2026-04-11T12:13:04Z] [iter=4] HEARTBEAT target_type=call_site elapsed_min=55.6 files_done=56 resolved=177 errors=1307 current=lib/rubocop/cop/layout/else_alignment.rb
[2026-04-11T12:16:15Z] [iter=4] HEARTBEAT target_type=call_site elapsed_min=58.8 files_done=57 resolved=182 errors=1387 current=lib/rubocop/cop/style/semicolon.rb
[2026-04-11T12:19:11Z] [iter=4] HEARTBEAT target_type=call_site elapsed_min=61.7 files_done=58 resolved=188 errors=1461 current=spec/rubocop/cop/style/hash_lookup_method_spec.rb
[2026-04-11T12:22:00Z] [iter=4] HEARTBEAT target_type=call_site elapsed_min=64.6 files_done=60 resolved=190 errors=1532 current=lib/rubocop/cop/layout/empty_lines.rb
[2026-04-11T12:22:45Z] [iter=4] HEARTBEAT target_type=call_site elapsed_min=65.3 files_done=61 resolved=193 errors=1551 current=lib/rubocop/cop/style/eval_with_location.rb
[2026-04-11T12:25:53Z] [iter=4] HEARTBEAT target_type=call_site elapsed_min=68.4 files_done=62 resolved=201 errors=1630 current=lib/rubocop/cop/layout/indentation_consistency.rb
[2026-04-11T12:26:58Z] [iter=4] HEARTBEAT target_type=call_site elapsed_min=69.5 files_done=63 resolved=204 errors=1657 current=spec/rubocop/cop/style/case_like_if_spec.rb
[2026-04-11T12:28:01Z] [iter=4] HEARTBEAT target_type=call_site elapsed_min=70.6 files_done=65 resolved=214 errors=1683 current=lib/rubocop/cop/style/redundant_self.rb
[2026-04-11T12:31:30Z] [iter=4] HEARTBEAT target_type=call_site elapsed_min=74.1 files_done=66 resolved=218 errors=1771 current=spec/rubocop/plugin/loader_spec.rb
[2026-04-11T12:33:19Z] [iter=4] HEARTBEAT target_type=call_site elapsed_min=75.9 files_done=68 resolved=227 errors=1816 current=spec/rubocop/cop/style/lambda_call_spec.rb
[2026-04-11T12:34:33Z] [iter=4] HEARTBEAT target_type=call_site elapsed_min=77.1 files_done=70 resolved=239 errors=1847 current=spec/rubocop/cop/gemspec/development_dependencies_spec.rb
[2026-04-11T12:35:05Z] [iter=4] HEARTBEAT target_type=call_site elapsed_min=77.6 files_done=73 resolved=243 errors=1860 current=spec/rubocop/cop/internal_affairs/node_pattern_groups_spec.rb
[2026-04-11T12:36:24Z] [iter=4] HEARTBEAT target_type=call_site elapsed_min=79.0 files_done=76 resolved=247 errors=1891 current=spec/rubocop/cop/style/empty_case_condition_spec.rb
[2026-04-11T12:37:30Z] [iter=4] HEARTBEAT target_type=call_site elapsed_min=80.1 files_done=78 resolved=253 errors=1918 current=spec/rubocop/cop/bundler/gem_comment_spec.rb
[2026-04-11T12:38:19Z] [iter=4] HEARTBEAT target_type=call_site elapsed_min=80.9 files_done=80 resolved=255 errors=1938 current=spec/rubocop/cop/security/compound_hash_spec.rb
[2026-04-11T12:39:13Z] [iter=4] HEARTBEAT target_type=call_site elapsed_min=81.8 files_done=85 resolved=260 errors=1960 current=spec/rubocop/cop/layout/space_after_comma_spec.rb
[2026-04-11T12:39:47Z] [iter=4] HEARTBEAT target_type=call_site elapsed_min=82.3 files_done=87 resolved=264 errors=1974 current=spec/rubocop/cop/layout/space_after_method_name_spec.rb
[2026-04-11T12:41:30Z] [iter=4] HEARTBEAT target_type=call_site elapsed_min=84.1 files_done=93 resolved=269 errors=2016 current=lib/rubocop/cop/layout/condition_position.rb
[2026-04-11T12:42:14Z] [iter=4] HEARTBEAT target_type=call_site elapsed_min=84.8 files_done=94 resolved=272 errors=2034 current=lib/rubocop/cop/style/redundant_regexp_escape.rb
[2026-04-11T12:43:31Z] [iter=4] HEARTBEAT target_type=call_site elapsed_min=86.1 files_done=95 resolved=274 errors=2066 current=lib/rubocop/cop/style/slicing_with_range.rb
[2026-04-11T12:45:33Z] [iter=4] HEARTBEAT target_type=call_site elapsed_min=88.1 files_done=96 resolved=284 errors=2117 current=lib/rubocop/cop/style/module_function.rb
[2026-04-11T12:46:09Z] [iter=4] HEARTBEAT target_type=call_site elapsed_min=88.7 files_done=97 resolved=295 errors=2132 current=spec/rubocop/cop/layout/closing_parenthesis_indentation_spec.rb
[2026-04-11T12:48:07Z] [iter=4] HEARTBEAT target_type=call_site elapsed_min=90.7 files_done=100 resolved=297 errors=2181 current=spec/rubocop/cop/lint/duplicate_match_pattern_spec.rb
[2026-04-11T12:50:05Z] [iter=4] HEARTBEAT target_type=call_site elapsed_min=92.6 files_done=102 resolved=301 errors=2230 current=lib/rubocop/cop/style/auto_resource_cleanup.rb
[2026-04-11T12:50:36Z] [iter=4] HEARTBEAT target_type=call_site elapsed_min=93.2 files_done=103 resolved=304 errors=2243 current=spec/rubocop/cop/severity_spec.rb
[2026-04-11T12:51:18Z] [iter=4] HEARTBEAT target_type=call_site elapsed_min=93.9 files_done=105 resolved=308 errors=2260 current=spec/rubocop/cop/style/multiline_memoization_spec.rb
[2026-04-11T12:51:54Z] [iter=4] HEARTBEAT target_type=call_site elapsed_min=94.5 files_done=107 resolved=310 errors=2275 current=spec/rubocop/lsp/severity_spec.rb
[2026-04-11T12:52:59Z] [iter=4] HEARTBEAT target_type=call_site elapsed_min=95.5 files_done=109 resolved=312 errors=2302 current=lib/rubocop/cop/style/multiline_in_pattern_then.rb
[2026-04-11T12:53:30Z] [iter=4] HEARTBEAT target_type=call_site elapsed_min=96.1 files_done=110 resolved=315 errors=2315 current=lib/rubocop/cop/style/documentation.rb
[2026-04-11T12:56:05Z] [iter=4] HEARTBEAT target_type=call_site elapsed_min=98.6 files_done=111 resolved=328 errors=2380 current=lib/rubocop/cop/style/class_methods_definitions.rb
[2026-04-11T12:58:00Z] [iter=4] HEARTBEAT target_type=call_site elapsed_min=100.6 files_done=112 resolved=334 errors=2428 current=lib/rubocop/cop/style/require_order.rb
[2026-04-11T12:59:57Z] [iter=4] HEARTBEAT target_type=call_site elapsed_min=102.5 files_done=113 resolved=339 errors=2477 current=lib/rubocop/cop/style/redundant_each.rb
[2026-04-11T13:02:15Z] [iter=4] HEARTBEAT target_type=call_site elapsed_min=104.8 files_done=114 resolved=340 errors=2535 current=spec/rubocop/cop/internal_affairs/location_expression_spec.rb
[2026-04-11T13:05:16Z] [iter=4] HEARTBEAT target_type=call_site elapsed_min=107.8 files_done=119 resolved=347 errors=2610 current=lib/rubocop/rspec/shared_contexts.rb
[2026-04-11T13:06:52Z] [iter=4] HEARTBEAT target_type=call_site elapsed_min=109.4 files_done=120 resolved=379 errors=2650 current=lib/rubocop/cop/style/double_negation.rb
[2026-04-11T13:09:09Z] [iter=4] HEARTBEAT target_type=call_site elapsed_min=111.7 files_done=121 resolved=383 errors=2707 current=lib/rubocop/cop/style/min_max.rb
[2026-04-11T13:10:00Z] [iter=4] HEARTBEAT target_type=call_site elapsed_min=112.6 files_done=122 resolved=387 errors=2728 current=spec/rubocop/cop/style/redundant_argument_spec.rb
[2026-04-11T13:12:18Z] [iter=4] HEARTBEAT target_type=call_site elapsed_min=114.9 files_done=127 resolved=392 errors=2785 current=lib/rubocop/cop/layout/class_structure.rb
[2026-04-11T13:16:08Z] [iter=4] HEARTBEAT target_type=call_site elapsed_min=118.7 files_done=128 resolved=396 errors=2881 current=lib/rubocop/cop/style/empty_block_parameter.rb
[2026-04-11T13:16:54Z] [iter=4] HEARTBEAT target_type=call_site elapsed_min=119.5 files_done=130 resolved=400 errors=2900 current=spec/support/cops/a_to_b_cop.rb
[2026-04-11T13:17:30Z] [iter=4] HEARTBEAT target_type=call_site elapsed_min=120.1 files_done=131 resolved=401 errors=2915 current=lib/rubocop/cop/layout/def_end_alignment.rb
[2026-04-11T13:18:15Z] [iter=4] HEARTBEAT target_type=call_site elapsed_min=120.8 files_done=132 resolved=404 errors=2934 current=lib/rubocop/cop/naming/method_name.rb
[2026-04-11T13:21:58Z] [iter=4] HEARTBEAT target_type=call_site elapsed_min=124.5 files_done=133 resolved=419 errors=3027 current=lib/rubocop/cop/style/copyright.rb
[2026-04-11T13:23:39Z] [iter=4] HEARTBEAT target_type=call_site elapsed_min=126.2 files_done=134 resolved=426 errors=3069 current=lib/rubocop/cop/internal_affairs/node_matcher_directive.rb
[2026-04-11T13:27:11Z] [iter=4] HEARTBEAT target_type=call_site elapsed_min=129.7 files_done=135 resolved=433 errors=3157 current=spec/rubocop/cop/style/negated_while_spec.rb
[2026-04-11T13:28:18Z] [iter=4] HEARTBEAT target_type=call_site elapsed_min=130.9 files_done=140 resolved=439 errors=3185 current=lib/rubocop/cop/layout/space_inside_string_interpolation.rb
[2026-04-11T13:29:23Z] [iter=4] HEARTBEAT target_type=call_site elapsed_min=132.0 files_done=142 resolved=445 errors=3212 current=spec/support/alignment_examples.rb
[2026-04-11T13:29:57Z] [iter=4] HEARTBEAT target_type=call_site elapsed_min=132.5 files_done=143 resolved=449 errors=3226 current=spec/rubocop/cop/lint/number_conversion_spec.rb
[2026-04-11T13:30:37Z] [iter=4] HEARTBEAT target_type=call_site elapsed_min=133.2 files_done=145 resolved=454 errors=3242 current=spec/rubocop/formatter/json_formatter_spec.rb
[2026-04-11T13:33:20Z] [iter=4] HEARTBEAT target_type=call_site elapsed_min=135.9 files_done=147 resolved=487 errors=3310 current=spec/rubocop/cop/force_spec.rb
[2026-04-11T13:35:12Z] [iter=4] HEARTBEAT target_type=call_site elapsed_min=137.8 files_done=149 resolved=502 errors=3357 current=spec/rubocop/cop/style/multiline_method_signature_spec.rb
[2026-04-11T13:40:03Z] [iter=4] HEARTBEAT target_type=call_site elapsed_min=142.6 files_done=151 resolved=505 errors=3479 current=lib/rubocop/cop/style/if_with_boolean_literal_branches.rb
[2026-04-11T13:42:17Z] [iter=4] HEARTBEAT target_type=call_site elapsed_min=144.8 files_done=152 resolved=512 errors=3535 current=spec/rubocop/cop/internal_affairs/itblock_handler_spec.rb
[2026-04-11T13:44:29Z] [iter=4] HEARTBEAT target_type=call_site elapsed_min=147.0 files_done=154 resolved=514 errors=3590 current=lib/rubocop/cop/lint/empty_block.rb
[2026-04-11T13:45:00Z] [iter=4] HEARTBEAT target_type=call_site elapsed_min=147.6 files_done=155 resolved=516 errors=3603 current=lib/rubocop/cop/style/invertible_unless_condition.rb
[2026-04-11T13:48:00Z] [iter=4] HEARTBEAT target_type=call_site elapsed_min=150.6 files_done=156 resolved=518 errors=3678 current=spec/rubocop/cop/style/negated_if_spec.rb
[2026-04-11T13:50:06Z] [iter=4] HEARTBEAT target_type=call_site elapsed_min=152.7 files_done=158 resolved=537 errors=3730 current=lib/rubocop/cop/mixin/multiline_expression_indentation.rb
[2026-04-11T13:54:01Z] [iter=4] HEARTBEAT target_type=call_site elapsed_min=156.6 files_done=159 resolved=540 errors=3828 current=spec/rubocop/cop/lint/missing_super_spec.rb
[2026-04-11T13:55:21Z] [iter=4] HEARTBEAT target_type=call_site elapsed_min=157.9 files_done=161 resolved=558 errors=3861 current=spec/rubocop/cop/style/optional_boolean_parameter_spec.rb
[2026-04-11T13:57:16Z] [iter=4] HEARTBEAT target_type=call_site elapsed_min=159.8 files_done=163 resolved=579 errors=3909 current=lib/rubocop/cop/lint/percent_string_array.rb
[2026-04-11T13:58:09Z] [iter=4] HEARTBEAT target_type=call_site elapsed_min=160.7 files_done=164 resolved=581 errors=3931 current=lib/rubocop/cop/layout/multiline_method_call_brace_layout.rb
[2026-04-11T13:58:41Z] [iter=4] HEARTBEAT target_type=call_site elapsed_min=161.2 files_done=165 resolved=583 errors=3944 current=lib/rubocop/cop/lint/unified_integer.rb
[2026-04-11T14:00:51Z] [iter=4] HEARTBEAT target_type=call_site elapsed_min=163.4 files_done=170 resolved=592 errors=3994 current=lib/rubocop/rspec/parallel_formatter.rb
[2026-04-11T14:02:15Z] [iter=4] HEARTBEAT target_type=call_site elapsed_min=164.8 files_done=171 resolved=592 errors=4029 current=lib/rubocop/cop/style/mutable_constant.rb
[2026-04-11T14:04:30Z] [iter=4] HEARTBEAT target_type=call_site elapsed_min=167.1 files_done=172 resolved=603 errors=4085 current=spec/rubocop/cop/style/bitwise_predicate_spec.rb
[2026-04-11T14:06:10Z] [iter=4] HEARTBEAT target_type=call_site elapsed_min=168.7 files_done=174 resolved=605 errors=4126 current=lib/rubocop/cop/style/end_block.rb
[2026-04-11T14:07:25Z] [iter=4] HEARTBEAT target_type=call_site elapsed_min=170.0 files_done=178 resolved=610 errors=4157 current=lib/rubocop/cop/style/string_chars.rb
[2026-04-11T14:07:59Z] [iter=4] HEARTBEAT target_type=call_site elapsed_min=170.5 files_done=179 resolved=613 errors=4171 current=lib/rubocop/cop/style/each_with_object.rb
[2026-04-11T14:10:02Z] [iter=4] HEARTBEAT target_type=call_site elapsed_min=172.6 files_done=180 resolved=621 errors=4222 current=spec/rubocop/cop/lint/shadowed_argument_spec.rb
[2026-04-11T14:13:35Z] [iter=4] HEARTBEAT target_type=call_site elapsed_min=176.1 files_done=182 resolved=623 errors=4310 current=spec/rubocop/cop/lint/parentheses_as_grouped_expression_spec.rb
[2026-04-11T14:14:59Z] [iter=4] HEARTBEAT target_type=call_site elapsed_min=177.5 files_done=184 resolved=625 errors=4345 current=lib/rubocop/cop/lint/binary_operator_with_identical_operands.rb
[2026-04-11T14:16:25Z] [iter=4] HEARTBEAT target_type=call_site elapsed_min=179.0 files_done=190 resolved=631 errors=4380 current=lib/rubocop/cop/style/map_compact_with_conditional_block.rb
[2026-04-11T14:19:01Z] [iter=4] HEARTBEAT target_type=call_site elapsed_min=181.6 files_done=191 resolved=636 errors=4445 current=spec/rubocop/cop/style/and_or_spec.rb
[2026-04-11T14:20:26Z] [iter=4] HEARTBEAT target_type=call_site elapsed_min=183.0 files_done=193 resolved=639 errors=4480 current=spec/rubocop/cop/security/json_load_spec.rb
[2026-04-11T14:20:56Z] [iter=4] HEARTBEAT target_type=call_site elapsed_min=183.5 files_done=199 resolved=641 errors=4492 current=lib/rubocop/server/cli.rb
[2026-04-11T14:22:49Z] [iter=4] HEARTBEAT target_type=call_site elapsed_min=185.4 files_done=200 resolved=646 errors=4539 current=spec/rubocop/cop/lint/safe_navigation_consistency_spec.rb
[2026-04-11T14:28:31Z] [iter=4] HEARTBEAT target_type=call_site elapsed_min=191.1 files_done=204 resolved=648 errors=4682 current=spec/rubocop/cop/lint/unreachable_loop_spec.rb
[2026-04-11T14:29:42Z] [iter=4] HEARTBEAT target_type=call_site elapsed_min=192.3 files_done=206 resolved=653 errors=4711 current=spec/rubocop/cop/style/redundant_self_assignment_spec.rb
[2026-04-11T14:32:32Z] [iter=4] HEARTBEAT target_type=call_site elapsed_min=195.1 files_done=209 resolved=704 errors=4781 current=lib/rubocop/cop/badge.rb
[2026-04-11T14:33:34Z] [iter=4] HEARTBEAT target_type=call_site elapsed_min=196.1 files_done=210 resolved=705 errors=4807 current=spec/rubocop/formatter/text_util_spec.rb
[2026-04-11T14:34:27Z] [iter=4] HEARTBEAT target_type=call_site elapsed_min=197.0 files_done=213 resolved=711 errors=4829 current=lib/rubocop/cop/style/empty_method.rb
[2026-04-11T14:35:39Z] [iter=4] HEARTBEAT target_type=call_site elapsed_min=198.2 files_done=214 resolved=713 errors=4859 current=lib/rubocop/cop/style/lambda.rb
[2026-04-11T14:37:01Z] [iter=4] HEARTBEAT target_type=call_site elapsed_min=199.6 files_done=215 resolved=716 errors=4893 current=lib/rubocop/cop/style/map_to_hash.rb
[2026-04-11T14:38:27Z] [iter=4] HEARTBEAT target_type=call_site elapsed_min=201.0 files_done=216 resolved=724 errors=4929 current=spec/rubocop/cop/security/io_methods_spec.rb
[2026-04-11T14:39:38Z] [iter=4] HEARTBEAT target_type=call_site elapsed_min=202.2 files_done=218 resolved=726 errors=4958 current=spec/rubocop/cop/metrics/abc_size_spec.rb
[2026-04-11T14:40:44Z] [iter=4] HEARTBEAT target_type=call_site elapsed_min=203.3 files_done=220 resolved=728 errors=4985 current=spec/rubocop/cop/layout/empty_comment_spec.rb
[2026-04-11T14:43:42Z] [iter=4] HEARTBEAT target_type=call_site elapsed_min=206.3 files_done=225 resolved=731 errors=5059 current=spec/support/condition_modifier_cop.rb
[2026-04-11T14:45:56Z] [iter=4] HEARTBEAT target_type=call_site elapsed_min=208.5 files_done=230 resolved=736 errors=5114 current=spec/rubocop/cop/style/redundant_regexp_constructor_spec.rb
[2026-04-11T14:46:45Z] [iter=4] HEARTBEAT target_type=call_site elapsed_min=209.3 files_done=232 resolved=737 errors=5134 current=lib/rubocop/cop/style/special_global_vars.rb
[2026-04-11T14:49:38Z] [iter=4] HEARTBEAT target_type=call_site elapsed_min=212.2 files_done=233 resolved=748 errors=5206 current=spec/rubocop/cop/lint/useless_numeric_operation_spec.rb
[2026-04-11T14:51:40Z] [iter=4] HEARTBEAT target_type=call_site elapsed_min=214.2 files_done=236 resolved=749 errors=5257 current=lib/rubocop/cop/correctors/space_corrector.rb
[2026-04-11T14:52:35Z] [iter=4] HEARTBEAT target_type=call_site elapsed_min=215.1 files_done=237 resolved=751 errors=5280 current=lib/rubocop/cop/style/hash_like_case.rb
[2026-04-11T14:53:32Z] [iter=4] HEARTBEAT target_type=call_site elapsed_min=216.1 files_done=239 resolved=769 errors=5303 current=spec/rubocop/cop/internal_affairs/redundant_message_argument_spec.rb
[2026-04-11T14:54:08Z] [iter=4] HEARTBEAT target_type=call_site elapsed_min=216.7 files_done=243 resolved=775 errors=5318 current=lib/rubocop/cop/style/keyword_arguments_merging.rb
[2026-04-11T14:54:39Z] [iter=4] HEARTBEAT target_type=call_site elapsed_min=217.2 files_done=244 resolved=778 errors=5331 current=spec/rubocop/cop/style/require_order_spec.rb
[2026-04-11T14:55:28Z] [iter=4] HEARTBEAT target_type=call_site elapsed_min=218.0 files_done=248 resolved=785 errors=5351 current=lib/rubocop/cop/gemspec/dependency_version.rb
[2026-04-11T14:56:05Z] [iter=4] HEARTBEAT target_type=call_site elapsed_min=218.6 files_done=249 resolved=797 errors=5366 current=lib/rubocop/cop/style/redundant_initialize.rb
[2026-04-11T14:57:09Z] [iter=4] HEARTBEAT target_type=call_site elapsed_min=219.7 files_done=250 resolved=802 errors=5393 current=spec/rubocop/cop/lint/empty_interpolation_spec.rb
[2026-04-11T14:57:53Z] [iter=4] HEARTBEAT target_type=call_site elapsed_min=220.4 files_done=254 resolved=816 errors=5411 current=lib/rubocop/cop/lint/heredoc_method_call_position.rb
[2026-04-11T15:00:15Z] [iter=4] HEARTBEAT target_type=call_site elapsed_min=222.8 files_done=255 resolved=818 errors=5470 current=lib/rubocop/cop/lint/script_permission.rb
[2026-04-11T15:01:48Z] [iter=4] HEARTBEAT target_type=call_site elapsed_min=224.4 files_done=257 resolved=840 errors=5509 current=lib/rubocop/cop/style/infinite_loop.rb
[2026-04-11T15:04:46Z] [iter=4] HEARTBEAT target_type=call_site elapsed_min=227.3 files_done=258 resolved=842 errors=5584 current=spec/rubocop/cop/lint/numeric_operation_with_constant_result_spec.rb
[2026-04-11T15:07:34Z] [iter=4] HEARTBEAT target_type=call_site elapsed_min=230.1 files_done=260 resolved=843 errors=5654 current=lib/rubocop/cop/layout/space_after_semicolon.rb
[2026-04-11T15:08:13Z] [iter=4] HEARTBEAT target_type=call_site elapsed_min=230.8 files_done=262 resolved=849 errors=5670 current=spec/rubocop/cop/lint/shared_mutable_default_spec.rb
[2026-04-11T15:11:08Z] [iter=4] HEARTBEAT target_type=call_site elapsed_min=233.7 files_done=264 resolved=852 errors=5743 current=lib/rubocop/cop/mixin/configurable_enforced_style.rb
[2026-04-11T15:11:56Z] [iter=4] HEARTBEAT target_type=call_site elapsed_min=234.5 files_done=265 resolved=856 errors=5763 current=spec/rubocop/cop/lint/suppressed_exception_spec.rb
[2026-04-11T15:17:27Z] [iter=4] CHECKPOINT TRIGGERED elapsed_min=240.0 files_completed=918 new_files_this_iter=269 mem_mb=1679 MB
[2026-04-11T15:17:27Z] [iter=4] Writing partial enrichment graph path=/home/runner/work/forx/forx/storage/aggregate/lsp/af8026643d436c4570bf7063a7475e2cad95fd49.nq.gz triples=221447
[2026-04-11T15:17:33Z] [iter=4] Checkpoint written, exiting with code 7
[2026-04-11T15:17:33Z] [iter=4] PHASE END: enrich (checkpointed) elapsed_s=14401 elapsed_min=240.0 files_completed=918
