[2026-04-11T07:03:12Z] === ENRICH ITERATION 3 START | repo=rubocop-hq/rubocop sha=af802664 ===
[2026-04-11T07:03:12Z] [iter=3] PHASE START: enrich repo=rubocop-hq/rubocop sha=af802664 runlog=/home/runner/work/forx/forx/storage/aggregate/lsp/logs/af802664-enrich-iter-003.log output=/home/runner/work/forx/forx/storage/aggregate/lsp/af8026643d436c4570bf7063a7475e2cad95fd49.nq.gz
[2026-04-11T07:03:20Z] [iter=3] Step 1: Loading AST into disk-backed store mem_mb=77 MB
[2026-04-11T07:04:17Z] [iter=3] AST store loaded triples=5962817 load_secs=55 mem_mb=1063 MB
[2026-04-11T07:04:17Z] [iter=3] Step 2: Finding LSP targets mem_mb=1063 MB
[2026-04-11T07:04:53Z] [iter=3] LSP targets found call_sites=110635 imports=0 extends=0 implements=0 secs=36
[2026-04-11T07:04:59Z] [iter=3] Loaded checkpoint partial graph triples=131584
[2026-04-11T07:05:29Z] [iter=3] Step 2.7: Building position index (one-shot, shared across resolvers) mem_mb=1063 MB
[2026-04-11T07:06:06Z] [iter=3] Position index built positions=361286 nodes_with_types=479789 secs=37 mem_mb=1559 MB
[2026-04-11T07:06:06Z] [iter=3] Step 3: Starting LSP resolution mem_mb=1559 MB already_completed_types=[] already_completed_files=438
[2026-04-11T07:06:06Z] [iter=3] Resolving target type target_type=call_site count=110635
[2026-04-11T07:06:08Z] [iter=3] HEARTBEAT target_type=call_site elapsed_min=2.9 files_done=0 resolved=0 errors=0 current=lib/rubocop/server/core.rb
[2026-04-11T07:07:18Z] [iter=3] HEARTBEAT target_type=call_site elapsed_min=4.1 files_done=1 resolved=11 errors=26 current=lib/rubocop/cop/security/io_methods.rb
[2026-04-11T07:10:23Z] [iter=3] HEARTBEAT target_type=call_site elapsed_min=7.2 files_done=4 resolved=19 errors=105 current=lib/rubocop/cop/style/nested_modifier.rb
[2026-04-11T07:12:32Z] [iter=3] HEARTBEAT target_type=call_site elapsed_min=9.3 files_done=5 resolved=21 errors=161 current=lib/rubocop/cop/style/endless_method.rb
[2026-04-11T07:15:00Z] [iter=3] HEARTBEAT target_type=call_site elapsed_min=11.8 files_done=6 resolved=25 errors=225 current=spec/rubocop/cop/style/numeric_literals_spec.rb
[2026-04-11T07:16:45Z] [iter=3] HEARTBEAT target_type=call_site elapsed_min=13.5 files_done=8 resolved=28 errors=270 current=lib/rubocop/cop/style/negative_array_index.rb
[2026-04-11T07:19:32Z] [iter=3] HEARTBEAT target_type=call_site elapsed_min=16.3 files_done=9 resolved=36 errors=342 current=spec/rubocop/cop/style/trailing_comma_in_arguments_spec.rb
[2026-04-11T07:21:30Z] [iter=3] HEARTBEAT target_type=call_site elapsed_min=18.3 files_done=11 resolved=41 errors=392 current=spec/rubocop/cop/lint/out_of_range_regexp_ref_spec.rb
[2026-04-11T07:30:37Z] [iter=3] HEARTBEAT target_type=call_site elapsed_min=27.4 files_done=13 resolved=47 errors=628 current=spec/rubocop/cop/layout/hash_alignment_spec.rb
[2026-04-11T07:32:21Z] [iter=3] HEARTBEAT target_type=call_site elapsed_min=29.1 files_done=17 resolved=57 errors=671 current=lib/rubocop/cop/mixin/line_length_help.rb
[2026-04-11T07:33:31Z] [iter=3] HEARTBEAT target_type=call_site elapsed_min=30.3 files_done=18 resolved=59 errors=701 current=spec/rubocop/cop/style/combinable_loops_spec.rb
[2026-04-11T07:34:51Z] [iter=3] HEARTBEAT target_type=call_site elapsed_min=31.6 files_done=21 resolved=64 errors=735 current=spec/rubocop/cop/lint/format_parameter_mismatch_spec.rb
[2026-04-11T07:36:11Z] [iter=3] HEARTBEAT target_type=call_site elapsed_min=33.0 files_done=23 resolved=68 errors=769 current=lib/rubocop/cop/mixin/unused_argument.rb
[2026-04-11T07:39:19Z] [iter=3] HEARTBEAT target_type=call_site elapsed_min=36.1 files_done=26 resolved=71 errors=850 current=lib/rubocop/cop/lint/ambiguous_range.rb
[2026-04-11T07:40:12Z] [iter=3] HEARTBEAT target_type=call_site elapsed_min=37.0 files_done=27 resolved=74 errors=873 current=lib/rubocop/cop/registry.rb
[2026-04-11T07:43:38Z] [iter=3] HEARTBEAT target_type=call_site elapsed_min=40.4 files_done=28 resolved=86 errors=962 current=spec/rubocop/cop/layout/space_around_keyword_spec.rb
[2026-04-11T07:44:51Z] [iter=3] HEARTBEAT target_type=call_site elapsed_min=41.6 files_done=30 resolved=95 errors=993 current=spec/rubocop/cop/metrics/utils/code_length_calculator_spec.rb
[2026-04-11T07:46:02Z] [iter=3] HEARTBEAT target_type=call_site elapsed_min=42.8 files_done=31 resolved=95 errors=1023 current=lib/rubocop/cop/style/self_assignment.rb
[2026-04-11T07:47:39Z] [iter=3] HEARTBEAT target_type=call_site elapsed_min=44.4 files_done=32 resolved=100 errors=1065 current=spec/rubocop/cop/style/documentation_method_spec.rb
[2026-04-11T07:49:21Z] [iter=3] HEARTBEAT target_type=call_site elapsed_min=46.1 files_done=34 resolved=112 errors=1108 current=lib/rubocop/cop/layout/heredoc_indentation.rb
[2026-04-11T07:51:56Z] [iter=3] HEARTBEAT target_type=call_site elapsed_min=48.7 files_done=35 resolved=120 errors=1175 current=lib/rubocop/cop/style/next.rb
[2026-04-11T07:56:40Z] [iter=3] HEARTBEAT target_type=call_site elapsed_min=53.5 files_done=36 resolved=125 errors=1298 current=lib/rubocop/cop/lint/parentheses_as_grouped_expression.rb
[2026-04-11T07:58:28Z] [iter=3] HEARTBEAT target_type=call_site elapsed_min=55.3 files_done=37 resolved=129 errors=1344 current=spec/rubocop/cop/naming/variable_name_spec.rb
[2026-04-11T07:59:27Z] [iter=3] HEARTBEAT target_type=call_site elapsed_min=56.2 files_done=39 resolved=133 errors=1367 current=spec/rubocop/cop/metrics/module_length_spec.rb
[2026-04-11T08:03:42Z] [iter=3] HEARTBEAT target_type=call_site elapsed_min=60.5 files_done=41 resolved=140 errors=1477 current=tasks/spec_runner.rake
[2026-04-11T08:04:57Z] [iter=3] HEARTBEAT target_type=call_site elapsed_min=61.7 files_done=42 resolved=156 errors=1509 current=lib/rubocop/magic_comment.rb
[2026-04-11T08:06:27Z] [iter=3] HEARTBEAT target_type=call_site elapsed_min=63.2 files_done=43 resolved=156 errors=1548 current=spec/rubocop/cop/style/nil_lambda_spec.rb
[2026-04-11T08:13:16Z] [iter=3] HEARTBEAT target_type=call_site elapsed_min=70.1 files_done=46 resolved=176 errors=1724 current=lib/rubocop/cop/lint/duplicate_regexp_character_class_element.rb
[2026-04-11T08:14:09Z] [iter=3] HEARTBEAT target_type=call_site elapsed_min=70.9 files_done=47 resolved=179 errors=1747 current=spec/rubocop/cop/style/class_methods_definitions_spec.rb
[2026-04-11T08:17:51Z] [iter=3] HEARTBEAT target_type=call_site elapsed_min=74.6 files_done=49 resolved=189 errors=1843 current=spec/rubocop/cop/layout/empty_lines_around_attribute_accessor_spec.rb
[2026-04-11T08:19:55Z] [iter=3] HEARTBEAT target_type=call_site elapsed_min=76.7 files_done=51 resolved=198 errors=1896 current=spec/rubocop/version_spec.rb
[2026-04-11T08:25:27Z] [iter=3] HEARTBEAT target_type=call_site elapsed_min=82.2 files_done=55 resolved=203 errors=2039 current=spec/rubocop/cop/lint/debugger_spec.rb
[2026-04-11T08:27:02Z] [iter=3] HEARTBEAT target_type=call_site elapsed_min=83.8 files_done=57 resolved=210 errors=2079 current=lib/rubocop/cop/style/magic_comment_format.rb
[2026-04-11T08:29:25Z] [iter=3] HEARTBEAT target_type=call_site elapsed_min=86.2 files_done=58 resolved=227 errors=2141 current=lib/rubocop/cop/style/fetch_env_var.rb
[2026-04-11T08:31:44Z] [iter=3] HEARTBEAT target_type=call_site elapsed_min=88.5 files_done=59 resolved=231 errors=2201 current=spec/rubocop/cop/metrics/class_length_spec.rb
[2026-04-11T08:32:26Z] [iter=3] HEARTBEAT target_type=call_site elapsed_min=89.2 files_done=61 resolved=236 errors=2218 current=spec/rubocop/cop/style/alias_spec.rb
[2026-04-11T08:33:06Z] [iter=3] HEARTBEAT target_type=call_site elapsed_min=89.9 files_done=64 resolved=243 errors=2235 current=lib/rubocop/cop/naming/class_and_module_camel_case.rb
[2026-04-11T08:33:37Z] [iter=3] HEARTBEAT target_type=call_site elapsed_min=90.4 files_done=65 resolved=243 errors=2248 current=spec/rubocop/cop/bundler/ordered_gems_spec.rb
[2026-04-11T08:37:03Z] [iter=3] HEARTBEAT target_type=call_site elapsed_min=93.8 files_done=67 resolved=246 errors=2337 current=lib/rubocop/cop/style/if_with_semicolon.rb
[2026-04-11T08:40:12Z] [iter=3] HEARTBEAT target_type=call_site elapsed_min=97.0 files_done=68 resolved=249 errors=2419 current=spec/rubocop/cop/layout/line_continuation_leading_space_spec.rb
[2026-04-11T08:41:00Z] [iter=3] HEARTBEAT target_type=call_site elapsed_min=97.8 files_done=72 resolved=253 errors=2439 current=lib/rubocop/cop/style/sole_nested_conditional.rb
[2026-04-11T08:47:28Z] [iter=3] HEARTBEAT target_type=call_site elapsed_min=104.3 files_done=73 resolved=256 errors=2607 current=tasks/codespell.rake
[2026-04-11T08:49:29Z] [iter=3] HEARTBEAT target_type=call_site elapsed_min=106.3 files_done=75 resolved=266 errors=2659 current=spec/rubocop/cop/style/send_with_literal_method_name_spec.rb
[2026-04-11T08:50:12Z] [iter=3] HEARTBEAT target_type=call_site elapsed_min=107.0 files_done=79 resolved=270 errors=2677 current=lib/rubocop/target_ruby.rb
[2026-04-11T08:51:57Z] [iter=3] HEARTBEAT target_type=call_site elapsed_min=108.7 files_done=80 resolved=288 errors=2722 current=lib/rubocop/cop/internal_affairs/single_line_comparison.rb
[2026-04-11T08:54:00Z] [iter=3] HEARTBEAT target_type=call_site elapsed_min=110.8 files_done=82 resolved=301 errors=2775 current=lib/rubocop/cop/mixin/visibility_help.rb
[2026-04-11T08:54:56Z] [iter=3] HEARTBEAT target_type=call_site elapsed_min=111.7 files_done=83 resolved=309 errors=2799 current=lib/rubocop/cop/naming/binary_operator_parameter_name.rb
[2026-04-11T08:56:30Z] [iter=3] HEARTBEAT target_type=call_site elapsed_min=113.3 files_done=87 resolved=314 errors=2839 current=lib/rubocop/cop/internal_affairs/cop_description.rb
[2026-04-11T08:57:49Z] [iter=3] HEARTBEAT target_type=call_site elapsed_min=114.6 files_done=88 resolved=317 errors=2873 current=lib/rubocop/cop/layout/extra_spacing.rb
[2026-04-11T09:01:01Z] [iter=3] HEARTBEAT target_type=call_site elapsed_min=117.8 files_done=89 resolved=325 errors=2956 current=spec/rubocop/cop/naming/method_name_spec.rb
[2026-04-11T09:01:53Z] [iter=3] HEARTBEAT target_type=call_site elapsed_min=118.7 files_done=92 resolved=337 errors=2973 current=lib/rubocop/cop/mixin/configurable_formatting.rb
[2026-04-11T09:02:37Z] [iter=3] HEARTBEAT target_type=call_site elapsed_min=119.4 files_done=93 resolved=338 errors=2992 current=lib/rubocop/cop/layout/multiline_operation_indentation.rb
[2026-04-11T09:04:08Z] [iter=3] HEARTBEAT target_type=call_site elapsed_min=120.9 files_done=94 resolved=343 errors=3031 current=lib/rubocop/config_validator.rb
[2026-04-11T09:07:26Z] [iter=3] HEARTBEAT target_type=call_site elapsed_min=124.2 files_done=95 resolved=362 errors=3116 current=lib/rubocop/cop/style/redundant_parentheses.rb
[2026-04-11T09:16:12Z] [iter=3] HEARTBEAT target_type=call_site elapsed_min=133.0 files_done=96 resolved=374 errors=3344 current=lib/rubocop/cop/style/accessor_grouping.rb
[2026-04-11T09:19:57Z] [iter=3] HEARTBEAT target_type=call_site elapsed_min=136.7 files_done=97 resolved=379 errors=3441 current=spec/rubocop/cop/gemspec/required_ruby_version_spec.rb
[2026-04-11T09:22:26Z] [iter=3] HEARTBEAT target_type=call_site elapsed_min=139.2 files_done=104 resolved=385 errors=3504 current=lib/rubocop/lockfile.rb
[2026-04-11T09:23:14Z] [iter=3] HEARTBEAT target_type=call_site elapsed_min=140.0 files_done=105 resolved=389 errors=3525 current=lib/rubocop/cop/style/format_string_token.rb
[2026-04-11T09:26:01Z] [iter=3] HEARTBEAT target_type=call_site elapsed_min=142.8 files_done=106 resolved=397 errors=3597 current=spec/rubocop/cop/style/double_negation_spec.rb
[2026-04-11T09:26:39Z] [iter=3] HEARTBEAT target_type=call_site elapsed_min=143.4 files_done=108 resolved=401 errors=3613 current=spec/rubocop/cop/style/redundant_self_spec.rb
[2026-04-11T09:28:15Z] [iter=3] HEARTBEAT target_type=call_site elapsed_min=145.0 files_done=110 resolved=404 errors=3654 current=lib/rubocop/rspec/cop_helper.rb
[2026-04-11T09:30:07Z] [iter=3] HEARTBEAT target_type=call_site elapsed_min=146.9 files_done=111 resolved=414 errors=3702 current=spec/rubocop/cop/style/documentation_spec.rb
[2026-04-11T09:30:55Z] [iter=3] HEARTBEAT target_type=call_site elapsed_min=147.7 files_done=114 resolved=419 errors=3722 current=lib/rubocop/cop/style/redundant_format.rb
[2026-04-11T09:34:42Z] [iter=3] HEARTBEAT target_type=call_site elapsed_min=151.5 files_done=115 resolved=439 errors=3820 current=spec/rubocop/cop/style/single_line_do_end_block_spec.rb
[2026-04-11T09:39:47Z] [iter=3] HEARTBEAT target_type=call_site elapsed_min=156.6 files_done=117 resolved=444 errors=3952 current=lib/rubocop/cop/style/map_into_array.rb
[2026-04-11T09:43:36Z] [iter=3] HEARTBEAT target_type=call_site elapsed_min=160.4 files_done=118 resolved=457 errors=4051 current=spec/rubocop/cop/security/open_spec.rb
[2026-04-11T09:44:53Z] [iter=3] HEARTBEAT target_type=call_site elapsed_min=161.7 files_done=120 resolved=460 errors=4084 current=spec/rubocop/formatter/progress_formatter_spec.rb
[2026-04-11T09:46:22Z] [iter=3] HEARTBEAT target_type=call_site elapsed_min=163.2 files_done=122 resolved=470 errors=4122 current=spec/rubocop/cop/lint/heredoc_method_call_position_spec.rb
[2026-04-11T09:46:53Z] [iter=3] HEARTBEAT target_type=call_site elapsed_min=163.7 files_done=125 resolved=477 errors=4135 current=spec/rubocop/cop/layout/space_inside_block_braces_spec.rb
[2026-04-11T09:48:26Z] [iter=3] HEARTBEAT target_type=call_site elapsed_min=165.2 files_done=127 resolved=481 errors=4175 current=lib/rubocop/cop/style/concat_array_literals.rb
[2026-04-11T09:50:10Z] [iter=3] HEARTBEAT target_type=call_site elapsed_min=167.0 files_done=128 resolved=485 errors=4220 current=lib/rubocop/cop/internal_affairs/redundant_let_rubocop_config_new.rb
[2026-04-11T09:50:42Z] [iter=3] HEARTBEAT target_type=call_site elapsed_min=167.5 files_done=129 resolved=490 errors=4234 current=lib/rubocop/cop/naming/inclusive_language.rb
[2026-04-11T09:54:01Z] [iter=3] HEARTBEAT target_type=call_site elapsed_min=170.8 files_done=130 resolved=502 errors=4320 current=spec/rubocop/remote_config_spec.rb
[2026-04-11T09:55:01Z] [iter=3] HEARTBEAT target_type=call_site elapsed_min=171.8 files_done=133 resolved=523 errors=4344 current=spec/rubocop/cop/style/negative_array_index_spec.rb
[2026-04-11T09:57:27Z] [iter=3] HEARTBEAT target_type=call_site elapsed_min=174.2 files_done=135 resolved=557 errors=4406 current=lib/rubocop/cop/style/swap_values.rb
[2026-04-11T09:59:08Z] [iter=3] HEARTBEAT target_type=call_site elapsed_min=175.9 files_done=136 resolved=561 errors=4450 current=spec/rubocop/cop/style/attr_spec.rb
[2026-04-11T09:59:53Z] [iter=3] HEARTBEAT target_type=call_site elapsed_min=176.7 files_done=138 resolved=570 errors=4469 current=lib/rubocop/cop/layout/multiline_assignment_layout.rb
[2026-04-11T10:01:16Z] [iter=3] HEARTBEAT target_type=call_site elapsed_min=178.1 files_done=139 resolved=574 errors=4505 current=lib/rubocop/cop/mixin/trailing_comma.rb
[2026-04-11T10:06:03Z] [iter=3] HEARTBEAT target_type=call_site elapsed_min=182.8 files_done=140 resolved=580 errors=4629 current=spec/rubocop/path_util_spec.rb
[2026-04-11T10:07:05Z] [iter=3] HEARTBEAT target_type=call_site elapsed_min=183.9 files_done=149 resolved=612 errors=4654 current=spec/rubocop/formatter/clang_style_formatter_spec.rb
[2026-04-11T10:08:12Z] [iter=3] HEARTBEAT target_type=call_site elapsed_min=185.0 files_done=151 resolved=624 errors=4683 current=lib/rubocop/cop/layout/first_argument_indentation.rb
[2026-04-11T10:11:29Z] [iter=3] HEARTBEAT target_type=call_site elapsed_min=188.3 files_done=152 resolved=631 errors=4768 current=spec/rubocop/cop/lint/underscore_prefixed_variable_name_spec.rb
[2026-04-11T10:13:25Z] [iter=3] HEARTBEAT target_type=call_site elapsed_min=190.2 files_done=154 resolved=637 errors=4818 current=lib/rubocop/cop/mixin/hash_subset.rb
[2026-04-11T10:16:58Z] [iter=3] HEARTBEAT target_type=call_site elapsed_min=193.8 files_done=155 resolved=645 errors=4910 current=lib/rubocop/cop/style/method_call_without_args_parentheses.rb
[2026-04-11T10:19:10Z] [iter=3] HEARTBEAT target_type=call_site elapsed_min=196.0 files_done=156 resolved=648 errors=4967 current=spec/rubocop/cop/layout/multiline_method_argument_line_breaks_spec.rb
[2026-04-11T10:21:25Z] [iter=3] HEARTBEAT target_type=call_site elapsed_min=198.2 files_done=160 resolved=649 errors=5025 current=lib/rubocop/cop/style/select_by_range.rb
[2026-04-11T10:23:20Z] [iter=3] HEARTBEAT target_type=call_site elapsed_min=200.1 files_done=161 resolved=662 errors=5074 current=spec/rubocop/cop/naming/inclusive_language_spec.rb
[2026-04-11T10:26:52Z] [iter=3] HEARTBEAT target_type=call_site elapsed_min=203.7 files_done=165 resolved=668 errors=5165 current=spec/rubocop/cop/lint/duplicate_rescue_exception_spec.rb
[2026-04-11T10:29:30Z] [iter=3] HEARTBEAT target_type=call_site elapsed_min=206.3 files_done=168 resolved=672 errors=5233 current=lib/rubocop/cop/style/ambiguous_endless_method_definition.rb
[2026-04-11T10:30:06Z] [iter=3] HEARTBEAT target_type=call_site elapsed_min=206.9 files_done=170 resolved=682 errors=5248 current=spec/rubocop/cop/lint/literal_in_interpolation_spec.rb
[2026-04-11T10:31:06Z] [iter=3] HEARTBEAT target_type=call_site elapsed_min=207.9 files_done=172 resolved=686 errors=5273 current=lib/rubocop/cop/mixin/surrounding_space.rb
[2026-04-11T10:32:32Z] [iter=3] HEARTBEAT target_type=call_site elapsed_min=209.3 files_done=173 resolved=692 errors=5310 current=lib/rubocop/cop/style/parentheses_around_condition.rb
[2026-04-11T10:33:53Z] [iter=3] HEARTBEAT target_type=call_site elapsed_min=210.7 files_done=174 resolved=699 errors=5345 current=lib/rubocop/cop/style/file_touch.rb
[2026-04-11T10:35:36Z] [iter=3] HEARTBEAT target_type=call_site elapsed_min=212.4 files_done=177 resolved=710 errors=5389 current=spec/rubocop/cop/style/collection_querying_spec.rb
[2026-04-11T10:37:57Z] [iter=3] HEARTBEAT target_type=call_site elapsed_min=214.7 files_done=182 resolved=713 errors=5449 current=spec/rubocop/cop/layout/space_inside_string_interpolation_spec.rb
[2026-04-11T10:39:45Z] [iter=3] HEARTBEAT target_type=call_site elapsed_min=216.5 files_done=185 resolved=716 errors=5495 current=lib/rubocop/cop/lint/redundant_regexp_quantifiers.rb
[2026-04-11T10:41:22Z] [iter=3] HEARTBEAT target_type=call_site elapsed_min=218.2 files_done=186 resolved=720 errors=5537 current=spec/rubocop/cop/style/return_nil_in_predicate_method_definition_spec.rb
[2026-04-11T10:45:40Z] [iter=3] HEARTBEAT target_type=call_site elapsed_min=222.5 files_done=188 resolved=723 errors=5648 current=spec/rubocop/cop/style/object_then_spec.rb
[2026-04-11T10:46:59Z] [iter=3] HEARTBEAT target_type=call_site elapsed_min=223.8 files_done=190 resolved=726 errors=5682 current=lib/rubocop/cop/lint/duplicate_magic_comment.rb
[2026-04-11T10:47:36Z] [iter=3] HEARTBEAT target_type=call_site elapsed_min=224.4 files_done=191 resolved=729 errors=5698 current=spec/rubocop/cop/style/redundant_sort_spec.rb
[2026-04-11T10:48:56Z] [iter=3] HEARTBEAT target_type=call_site elapsed_min=225.7 files_done=193 resolved=738 errors=5732 current=spec/rubocop/cop/style/access_modifier_declarations_spec.rb
[2026-04-11T10:50:53Z] [iter=3] HEARTBEAT target_type=call_site elapsed_min=227.7 files_done=195 resolved=740 errors=5782 current=spec/rubocop/cop/metrics/method_length_spec.rb
[2026-04-11T10:53:20Z] [iter=3] HEARTBEAT target_type=call_site elapsed_min=230.1 files_done=197 resolved=745 errors=5845 current=lib/rubocop/cop/style/keyword_parameters_order.rb
[2026-04-11T10:54:30Z] [iter=3] HEARTBEAT target_type=call_site elapsed_min=231.3 files_done=198 resolved=747 errors=5875 current=lib/rubocop/cop/style/percent_literal_delimiters.rb
[2026-04-11T10:55:56Z] [iter=3] HEARTBEAT target_type=call_site elapsed_min=232.7 files_done=199 resolved=750 errors=5912 current=spec/rubocop/cop/style/redundant_begin_spec.rb
[2026-04-11T10:59:47Z] [iter=3] HEARTBEAT target_type=call_site elapsed_min=236.6 files_done=204 resolved=755 errors=6011 current=spec/rubocop/cop/style/nested_parenthesized_calls_spec.rb
[2026-04-11T11:00:37Z] [iter=3] HEARTBEAT target_type=call_site elapsed_min=237.4 files_done=208 resolved=764 errors=6031 current=lib/rubocop/cop/layout/empty_lines_around_arguments.rb
[2026-04-11T11:01:51Z] [iter=3] HEARTBEAT target_type=call_site elapsed_min=238.6 files_done=209 resolved=766 errors=6063 current=spec/rubocop/formatter/worst_offenders_formatter_spec.rb
[2026-04-11T11:03:31Z] [iter=3] CHECKPOINT TRIGGERED elapsed_min=240.3 files_completed=649 new_files_this_iter=211 mem_mb=1564 MB
[2026-04-11T11:03:31Z] [iter=3] Writing partial enrichment graph path=/home/runner/work/forx/forx/storage/aggregate/lsp/af8026643d436c4570bf7063a7475e2cad95fd49.nq.gz triples=177829
[2026-04-11T11:03:34Z] [iter=3] Checkpoint written, exiting with code 7
[2026-04-11T11:03:34Z] [iter=3] PHASE END: enrich (checkpointed) elapsed_s=14419 elapsed_min=240.3 files_completed=649
